+-----------------+-------------------------+
|    Parameter    |          Value          |
+=================+=========================+
| Batch size      | 128                     |
+-----------------+-------------------------+
| Dataset         | DD                      |
+-----------------+-------------------------+
| Dropout ratio   | 0.5                     |
+-----------------+-------------------------+
| Epochs          | 10000                   |
+-----------------+-------------------------+
| Exp name        | DD_Hie                  |
+-----------------+-------------------------+
| Gpu index       | 0                       |
+-----------------+-------------------------+
| Hid             | 128                     |
+-----------------+-------------------------+
| Lr              | 0.0005                  |
+-----------------+-------------------------+
| Model           | SAGPooling_Hierarchical |
+-----------------+-------------------------+
| Patience        | 40                      |
+-----------------+-------------------------+
| Pooling ratio   | 0.5                     |
+-----------------+-------------------------+
| Seed            | 16                      |
+-----------------+-------------------------+
| Test batch size | 1                       |
+-----------------+-------------------------+
| Weight decay    | 0.0001                  |
+-----------------+-------------------------+
Using GPU: 0
SAGPooling_Hierarchical(
  (conv1): GCNConv(89, 128)
  (conv2): GCNConv(128, 128)
  (conv3): GCNConv(128, 128)
  (pool): SAGPooling(GCNConv, 128, ratio=0.5, multiplier=1.0)
  (lin1): Linear(in_features=256, out_features=128, bias=True)
  (lin2): Linear(in_features=128, out_features=64, bias=True)
  (classifier): Linear(in_features=64, out_features=2, bias=True)
)
Model Parameter: 85956
Using Adam

Epoch #000, Train_Loss: [0.6926, 0.6902, 0.6924, 0.6894, 0.6881, 0.6884, 0.6870, 0.6834]
Val_Loss: 0.691608, Val_Acc: 0.529915
The current best model is saved in: ******** outputs/DD_Hie/model.pth *********

Epoch #001, Train_Loss: [0.6856, 0.6886, 0.6834, 0.6852, 0.6766, 0.6852, 0.6882, 0.6806]
Val_Loss: 0.691086, Val_Acc: 0.529915
The current best model is saved in: ******** outputs/DD_Hie/model.pth *********

Epoch #002, Train_Loss: [0.6897, 0.6838, 0.6784, 0.6710, 0.6734, 0.6870, 0.6672, 0.6726]
Val_Loss: 0.692330, Val_Acc: 0.529915

Epoch #003, Train_Loss: [0.6799, 0.6684, 0.6497, 0.6703, 0.6764, 0.6702, 0.6920, 0.7010]
Val_Loss: 0.698248, Val_Acc: 0.529915

Epoch #004, Train_Loss: [0.6741, 0.6689, 0.6611, 0.6739, 0.6646, 0.6868, 0.6616, 0.6630]
Val_Loss: 0.702905, Val_Acc: 0.529915

Epoch #005, Train_Loss: [0.6702, 0.7047, 0.6653, 0.6615, 0.6569, 0.6553, 0.6678, 0.6825]
Val_Loss: 0.702934, Val_Acc: 0.529915

Epoch #006, Train_Loss: [0.6600, 0.6780, 0.6636, 0.6829, 0.6938, 0.6442, 0.6596, 0.6294]
Val_Loss: 0.700766, Val_Acc: 0.529915

Epoch #007, Train_Loss: [0.6691, 0.6695, 0.6699, 0.6843, 0.6462, 0.6503, 0.6487, 0.6971]
Val_Loss: 0.701537, Val_Acc: 0.529915

Epoch #008, Train_Loss: [0.6724, 0.6734, 0.6336, 0.6649, 0.6716, 0.6614, 0.6643, 0.6772]
Val_Loss: 0.700306, Val_Acc: 0.529915

Epoch #009, Train_Loss: [0.6580, 0.6955, 0.6584, 0.6506, 0.6426, 0.6429, 0.6892, 0.6354]
Val_Loss: 0.698205, Val_Acc: 0.529915

Epoch #010, Train_Loss: [0.6497, 0.7004, 0.6543, 0.6603, 0.6357, 0.6756, 0.6376, 0.6557]
Val_Loss: 0.698820, Val_Acc: 0.529915

Epoch #011, Train_Loss: [0.6694, 0.6105, 0.6798, 0.6842, 0.6272, 0.6686, 0.6781, 0.6053]
Val_Loss: 0.698142, Val_Acc: 0.529915

Epoch #012, Train_Loss: [0.6691, 0.6759, 0.6324, 0.6586, 0.6225, 0.6493, 0.6324, 0.6883]
Val_Loss: 0.694883, Val_Acc: 0.529915

Epoch #013, Train_Loss: [0.6173, 0.6517, 0.6674, 0.6580, 0.6649, 0.6503, 0.6280, 0.6368]
Val_Loss: 0.688343, Val_Acc: 0.529915
The current best model is saved in: ******** outputs/DD_Hie/model.pth *********

Epoch #014, Train_Loss: [0.6427, 0.6444, 0.6315, 0.6557, 0.6446, 0.6403, 0.6027, 0.6562]
Val_Loss: 0.688540, Val_Acc: 0.529915

Epoch #015, Train_Loss: [0.6157, 0.6366, 0.6288, 0.6350, 0.5917, 0.6773, 0.6488, 0.5718]
Val_Loss: 0.680265, Val_Acc: 0.529915
The current best model is saved in: ******** outputs/DD_Hie/model.pth *********

Epoch #016, Train_Loss: [0.5964, 0.6396, 0.6396, 0.6357, 0.6183, 0.6139, 0.5689, 0.6449]
Val_Loss: 0.682171, Val_Acc: 0.547009

Epoch #017, Train_Loss: [0.5889, 0.6390, 0.5747, 0.6034, 0.6043, 0.6268, 0.5741, 0.6961]
Val_Loss: 0.667274, Val_Acc: 0.623932
The current best model is saved in: ******** outputs/DD_Hie/model.pth *********

Epoch #018, Train_Loss: [0.5818, 0.6200, 0.5829, 0.5689, 0.5751, 0.6380, 0.6480, 0.4912]
Val_Loss: 0.698615, Val_Acc: 0.598291

Epoch #019, Train_Loss: [0.6333, 0.6176, 0.6060, 0.5358, 0.5601, 0.5621, 0.5628, 0.5853]
Val_Loss: 0.667065, Val_Acc: 0.641026
The current best model is saved in: ******** outputs/DD_Hie/model.pth *********

Epoch #020, Train_Loss: [0.5417, 0.5487, 0.5667, 0.7347, 0.4962, 0.5663, 0.5445, 0.5727]
Val_Loss: 0.642845, Val_Acc: 0.649573
The current best model is saved in: ******** outputs/DD_Hie/model.pth *********

Epoch #021, Train_Loss: [0.5857, 0.5352, 0.5634, 0.5313, 0.5676, 0.5322, 0.5405, 0.6252]
Val_Loss: 0.634156, Val_Acc: 0.675214
The current best model is saved in: ******** outputs/DD_Hie/model.pth *********

Epoch #022, Train_Loss: [0.5382, 0.5579, 0.5362, 0.5570, 0.5579, 0.5488, 0.5651, 0.5221]
Val_Loss: 0.658371, Val_Acc: 0.632479

Epoch #023, Train_Loss: [0.5325, 0.5735, 0.4848, 0.5341, 0.5565, 0.5137, 0.5646, 0.6866]
Val_Loss: 0.617187, Val_Acc: 0.675214
The current best model is saved in: ******** outputs/DD_Hie/model.pth *********

Epoch #024, Train_Loss: [0.5096, 0.5437, 0.5064, 0.5355, 0.6178, 0.4993, 0.4736, 0.4112]
Val_Loss: 0.594882, Val_Acc: 0.717949
The current best model is saved in: ******** outputs/DD_Hie/model.pth *********

Epoch #025, Train_Loss: [0.5033, 0.5254, 0.4803, 0.5020, 0.5872, 0.4435, 0.5069, 0.5130]
Val_Loss: 0.585169, Val_Acc: 0.726496
The current best model is saved in: ******** outputs/DD_Hie/model.pth *********

Epoch #026, Train_Loss: [0.5606, 0.5192, 0.4618, 0.4429, 0.4923, 0.4629, 0.5237, 0.5183]
Val_Loss: 0.608908, Val_Acc: 0.700855

Epoch #027, Train_Loss: [0.5156, 0.4275, 0.4563, 0.4668, 0.4673, 0.4749, 0.5477, 0.6128]
Val_Loss: 0.566214, Val_Acc: 0.726496
The current best model is saved in: ******** outputs/DD_Hie/model.pth *********

Epoch #028, Train_Loss: [0.4678, 0.5203, 0.4901, 0.5148, 0.4268, 0.4720, 0.5391, 0.4807]
Val_Loss: 0.586210, Val_Acc: 0.717949

Epoch #029, Train_Loss: [0.4966, 0.4946, 0.5178, 0.4888, 0.4392, 0.4319, 0.5016, 0.4572]
Val_Loss: 0.587911, Val_Acc: 0.709402

Epoch #030, Train_Loss: [0.4841, 0.4568, 0.4070, 0.5226, 0.4895, 0.3721, 0.5474, 0.4402]
Val_Loss: 0.603879, Val_Acc: 0.717949

Epoch #031, Train_Loss: [0.5049, 0.4662, 0.4837, 0.4707, 0.4201, 0.4490, 0.4373, 0.4771]
Val_Loss: 0.600372, Val_Acc: 0.717949

Epoch #032, Train_Loss: [0.4040, 0.4377, 0.4994, 0.5318, 0.4420, 0.4693, 0.5308, 0.3948]
Val_Loss: 0.566031, Val_Acc: 0.717949
The current best model is saved in: ******** outputs/DD_Hie/model.pth *********

Epoch #033, Train_Loss: [0.4424, 0.4192, 0.4603, 0.4106, 0.4873, 0.4472, 0.4592, 0.4605]
Val_Loss: 0.541343, Val_Acc: 0.743590
The current best model is saved in: ******** outputs/DD_Hie/model.pth *********

Epoch #034, Train_Loss: [0.4378, 0.4567, 0.4634, 0.4488, 0.5000, 0.3804, 0.4899, 0.4173]
Val_Loss: 0.538900, Val_Acc: 0.760684
The current best model is saved in: ******** outputs/DD_Hie/model.pth *********

Epoch #035, Train_Loss: [0.4649, 0.4650, 0.4601, 0.4749, 0.3993, 0.4431, 0.3712, 0.4323]
Val_Loss: 0.543457, Val_Acc: 0.735043

Epoch #036, Train_Loss: [0.4356, 0.4282, 0.4252, 0.4570, 0.4428, 0.4825, 0.4319, 0.3503]
Val_Loss: 0.590166, Val_Acc: 0.743590

Epoch #037, Train_Loss: [0.4264, 0.4349, 0.6214, 0.4292, 0.4180, 0.3954, 0.3884, 0.3311]
Val_Loss: 0.569864, Val_Acc: 0.743590

Epoch #038, Train_Loss: [0.3420, 0.4805, 0.4221, 0.4529, 0.4679, 0.4357, 0.4996, 0.3142]
Val_Loss: 0.529593, Val_Acc: 0.752137
The current best model is saved in: ******** outputs/DD_Hie/model.pth *********

Epoch #039, Train_Loss: [0.3932, 0.3581, 0.5031, 0.3212, 0.4025, 0.4488, 0.4901, 0.3246]
Val_Loss: 0.542699, Val_Acc: 0.743590

Epoch #040, Train_Loss: [0.3854, 0.4443, 0.3340, 0.4664, 0.3920, 0.4844, 0.4761, 0.3872]
Val_Loss: 0.551746, Val_Acc: 0.743590

Epoch #041, Train_Loss: [0.3741, 0.4853, 0.3568, 0.4306, 0.5015, 0.3866, 0.4117, 0.2856]
Val_Loss: 0.611067, Val_Acc: 0.752137

Epoch #042, Train_Loss: [0.6023, 0.4572, 0.3723, 0.3703, 0.3615, 0.5209, 0.3973, 0.4220]
Val_Loss: 0.569469, Val_Acc: 0.743590

Epoch #043, Train_Loss: [0.4252, 0.4409, 0.4852, 0.3599, 0.3842, 0.4385, 0.4404, 0.4263]
Val_Loss: 0.556621, Val_Acc: 0.726496

Epoch #044, Train_Loss: [0.4529, 0.4006, 0.4279, 0.4401, 0.3138, 0.3896, 0.5372, 0.4954]
Val_Loss: 0.514945, Val_Acc: 0.743590
The current best model is saved in: ******** outputs/DD_Hie/model.pth *********

Epoch #045, Train_Loss: [0.3684, 0.4433, 0.3902, 0.3389, 0.4519, 0.4027, 0.3918, 0.3778]
Val_Loss: 0.531840, Val_Acc: 0.752137

Epoch #046, Train_Loss: [0.5564, 0.3994, 0.3262, 0.3819, 0.3895, 0.3992, 0.4202, 0.3352]
Val_Loss: 0.572153, Val_Acc: 0.735043

Epoch #047, Train_Loss: [0.3683, 0.4074, 0.3549, 0.4385, 0.4631, 0.3658, 0.3981, 0.3136]
Val_Loss: 0.547256, Val_Acc: 0.752137

Epoch #048, Train_Loss: [0.4630, 0.3524, 0.3438, 0.3833, 0.4628, 0.3526, 0.4745, 0.5445]
Val_Loss: 0.517593, Val_Acc: 0.760684

Epoch #049, Train_Loss: [0.3696, 0.4047, 0.3533, 0.4585, 0.4349, 0.4007, 0.3725, 0.4559]
Val_Loss: 0.534122, Val_Acc: 0.743590

Epoch #050, Train_Loss: [0.4257, 0.3098, 0.3565, 0.4625, 0.3883, 0.4180, 0.3725, 0.3694]
Val_Loss: 0.545817, Val_Acc: 0.735043

Epoch #051, Train_Loss: [0.4460, 0.3103, 0.3708, 0.4039, 0.3476, 0.4602, 0.3948, 0.3815]
Val_Loss: 0.526130, Val_Acc: 0.752137

Epoch #052, Train_Loss: [0.4424, 0.3572, 0.4059, 0.4056, 0.3401, 0.3759, 0.3765, 0.3808]
Val_Loss: 0.524880, Val_Acc: 0.760684

Epoch #053, Train_Loss: [0.3913, 0.4171, 0.4125, 0.3609, 0.4178, 0.4449, 0.3445, 0.3105]
Val_Loss: 0.529538, Val_Acc: 0.760684

Epoch #054, Train_Loss: [0.4291, 0.4401, 0.3510, 0.3973, 0.4455, 0.2836, 0.4413, 0.2994]
Val_Loss: 0.517921, Val_Acc: 0.752137

Epoch #055, Train_Loss: [0.3390, 0.3588, 0.4665, 0.4606, 0.4174, 0.3525, 0.3164, 0.4006]
Val_Loss: 0.526666, Val_Acc: 0.743590

Epoch #056, Train_Loss: [0.3400, 0.3953, 0.3610, 0.4898, 0.3974, 0.3757, 0.3444, 0.3467]
Val_Loss: 0.514089, Val_Acc: 0.752137
The current best model is saved in: ******** outputs/DD_Hie/model.pth *********

Epoch #057, Train_Loss: [0.3244, 0.3539, 0.3715, 0.4573, 0.4880, 0.4015, 0.2717, 0.3931]
Val_Loss: 0.518445, Val_Acc: 0.743590

Epoch #058, Train_Loss: [0.3737, 0.3578, 0.4648, 0.4370, 0.3842, 0.3786, 0.4088, 0.2052]
Val_Loss: 0.541248, Val_Acc: 0.735043

Epoch #059, Train_Loss: [0.4171, 0.3289, 0.3991, 0.3517, 0.3718, 0.3825, 0.3455, 0.2459]
Val_Loss: 0.642701, Val_Acc: 0.735043

Epoch #060, Train_Loss: [0.3346, 0.3416, 0.4130, 0.3989, 0.3443, 0.4680, 0.3233, 0.4680]
Val_Loss: 0.611448, Val_Acc: 0.752137

Epoch #061, Train_Loss: [0.4293, 0.2950, 0.3235, 0.4041, 0.4367, 0.3539, 0.3207, 0.5129]
Val_Loss: 0.550889, Val_Acc: 0.743590

Epoch #062, Train_Loss: [0.3338, 0.3544, 0.3921, 0.3547, 0.3222, 0.3865, 0.4488, 0.3699]
Val_Loss: 0.537070, Val_Acc: 0.743590

Epoch #063, Train_Loss: [0.3328, 0.3616, 0.3739, 0.3735, 0.3214, 0.4135, 0.3729, 0.3379]
Val_Loss: 0.563227, Val_Acc: 0.743590

Epoch #064, Train_Loss: [0.3429, 0.3335, 0.3594, 0.3578, 0.3523, 0.2982, 0.4044, 0.4593]
Val_Loss: 0.524916, Val_Acc: 0.743590

Epoch #065, Train_Loss: [0.3072, 0.3114, 0.4172, 0.3586, 0.3093, 0.3101, 0.3800, 0.3879]
Val_Loss: 0.590461, Val_Acc: 0.760684

Epoch #066, Train_Loss: [0.2520, 0.4401, 0.2921, 0.3833, 0.4279, 0.3426, 0.3911, 0.3748]
Val_Loss: 0.611416, Val_Acc: 0.743590

Epoch #067, Train_Loss: [0.4041, 0.3611, 0.4297, 0.1993, 0.3589, 0.3494, 0.3817, 0.3574]
Val_Loss: 0.537639, Val_Acc: 0.743590

Epoch #068, Train_Loss: [0.4105, 0.3755, 0.2735, 0.3582, 0.4038, 0.2852, 0.3042, 0.2878]
Val_Loss: 0.540781, Val_Acc: 0.743590

Epoch #069, Train_Loss: [0.4227, 0.3337, 0.3803, 0.3111, 0.3358, 0.2832, 0.3676, 0.3280]
Val_Loss: 0.542808, Val_Acc: 0.743590

Epoch #070, Train_Loss: [0.3319, 0.3112, 0.3006, 0.3450, 0.4239, 0.2688, 0.4771, 0.2952]
Val_Loss: 0.531583, Val_Acc: 0.743590

Epoch #071, Train_Loss: [0.3244, 0.3541, 0.3545, 0.4210, 0.3271, 0.2822, 0.3181, 0.3408]
Val_Loss: 0.523283, Val_Acc: 0.743590

Epoch #072, Train_Loss: [0.3017, 0.3123, 0.3944, 0.3870, 0.2972, 0.3718, 0.3447, 0.3161]
Val_Loss: 0.565761, Val_Acc: 0.752137

Epoch #073, Train_Loss: [0.3658, 0.2978, 0.4526, 0.3744, 0.3083, 0.3837, 0.2668, 0.2900]
Val_Loss: 0.597264, Val_Acc: 0.760684

Epoch #074, Train_Loss: [0.3625, 0.3897, 0.3759, 0.3694, 0.4208, 0.2916, 0.3922, 0.3100]
Val_Loss: 0.650469, Val_Acc: 0.735043

Epoch #075, Train_Loss: [0.4296, 0.3618, 0.2940, 0.3633, 0.3167, 0.2784, 0.3680, 0.2611]
Val_Loss: 0.572495, Val_Acc: 0.752137

Epoch #076, Train_Loss: [0.3666, 0.2938, 0.3138, 0.3114, 0.2559, 0.3571, 0.3659, 0.3154]
Val_Loss: 0.537492, Val_Acc: 0.743590

Epoch #077, Train_Loss: [0.3458, 0.3349, 0.3673, 0.3255, 0.2718, 0.3761, 0.2816, 0.2684]
Val_Loss: 0.547272, Val_Acc: 0.752137

Epoch #078, Train_Loss: [0.3667, 0.4840, 0.2913, 0.2570, 0.3695, 0.2191, 0.2996, 0.1997]
Val_Loss: 0.603547, Val_Acc: 0.760684

Epoch #079, Train_Loss: [0.3344, 0.2985, 0.2518, 0.3376, 0.2685, 0.3400, 0.3813, 0.4875]
Val_Loss: 0.560192, Val_Acc: 0.760684

Epoch #080, Train_Loss: [0.2906, 0.2445, 0.3621, 0.3325, 0.3710, 0.3915, 0.2701, 0.2756]
Val_Loss: 0.579039, Val_Acc: 0.752137

Epoch #081, Train_Loss: [0.2882, 0.4605, 0.2889, 0.3049, 0.3460, 0.3144, 0.3357, 0.3495]
Val_Loss: 0.552051, Val_Acc: 0.760684

Epoch #082, Train_Loss: [0.3464, 0.3157, 0.3674, 0.3101, 0.2871, 0.2157, 0.3024, 0.3401]
Val_Loss: 0.510423, Val_Acc: 0.760684
The current best model is saved in: ******** outputs/DD_Hie/model.pth *********

Epoch #083, Train_Loss: [0.3098, 0.2595, 0.3354, 0.3746, 0.3167, 0.2553, 0.3192, 0.3712]
Val_Loss: 0.516094, Val_Acc: 0.743590

Epoch #084, Train_Loss: [0.2347, 0.3249, 0.3579, 0.2682, 0.2107, 0.3909, 0.4518, 0.2612]
Val_Loss: 0.698842, Val_Acc: 0.735043

Epoch #085, Train_Loss: [0.3592, 0.3669, 0.3953, 0.2660, 0.4234, 0.2947, 0.3542, 0.2305]
Val_Loss: 0.587827, Val_Acc: 0.760684

Epoch #086, Train_Loss: [0.2860, 0.1811, 0.3815, 0.3293, 0.3262, 0.3552, 0.2609, 0.4191]
Val_Loss: 0.530492, Val_Acc: 0.760684

Epoch #087, Train_Loss: [0.4507, 0.2732, 0.1871, 0.2445, 0.3628, 0.2823, 0.3189, 0.2404]
Val_Loss: 0.567810, Val_Acc: 0.760684

Epoch #088, Train_Loss: [0.2395, 0.2660, 0.2846, 0.3043, 0.3040, 0.3757, 0.3109, 0.2752]
Val_Loss: 0.594087, Val_Acc: 0.760684

Epoch #089, Train_Loss: [0.3629, 0.2219, 0.2011, 0.2166, 0.2951, 0.4102, 0.2890, 0.3446]
Val_Loss: 0.560512, Val_Acc: 0.769231

Epoch #090, Train_Loss: [0.2743, 0.4065, 0.2343, 0.2883, 0.2192, 0.3646, 0.3130, 0.2374]
Val_Loss: 0.509343, Val_Acc: 0.769231
The current best model is saved in: ******** outputs/DD_Hie/model.pth *********

Epoch #091, Train_Loss: [0.3271, 0.3668, 0.3627, 0.2617, 0.2347, 0.2709, 0.3176, 0.2972]
Val_Loss: 0.519778, Val_Acc: 0.760684

Epoch #092, Train_Loss: [0.2814, 0.2598, 0.2808, 0.2897, 0.2085, 0.4056, 0.2658, 0.3190]
Val_Loss: 0.509634, Val_Acc: 0.777778

Epoch #093, Train_Loss: [0.3093, 0.2957, 0.3811, 0.2680, 0.3801, 0.3409, 0.2380, 0.2913]
Val_Loss: 0.509670, Val_Acc: 0.769231

Epoch #094, Train_Loss: [0.3271, 0.3200, 0.3215, 0.1973, 0.3145, 0.3426, 0.3695, 0.4201]
Val_Loss: 0.504458, Val_Acc: 0.777778
The current best model is saved in: ******** outputs/DD_Hie/model.pth *********

Epoch #095, Train_Loss: [0.2967, 0.2935, 0.2256, 0.3112, 0.4147, 0.4094, 0.2528, 0.4101]
Val_Loss: 0.497211, Val_Acc: 0.777778
The current best model is saved in: ******** outputs/DD_Hie/model.pth *********

Epoch #096, Train_Loss: [0.2591, 0.2824, 0.2132, 0.3192, 0.2761, 0.3273, 0.3352, 0.2831]
Val_Loss: 0.510930, Val_Acc: 0.786325

Epoch #097, Train_Loss: [0.2320, 0.2979, 0.3099, 0.2881, 0.2487, 0.2911, 0.2485, 0.3426]
Val_Loss: 0.535359, Val_Acc: 0.769231

Epoch #098, Train_Loss: [0.2633, 0.3573, 0.3056, 0.2268, 0.2905, 0.3509, 0.2489, 0.2458]
Val_Loss: 0.507522, Val_Acc: 0.777778

Epoch #099, Train_Loss: [0.2392, 0.2205, 0.2672, 0.4064, 0.4336, 0.2391, 0.3421, 0.2365]
Val_Loss: 0.550008, Val_Acc: 0.769231

Epoch #100, Train_Loss: [0.2482, 0.3529, 0.4042, 0.3435, 0.2899, 0.3172, 0.3670, 0.1992]
Val_Loss: 0.632091, Val_Acc: 0.735043

Epoch #101, Train_Loss: [0.1920, 0.2990, 0.4417, 0.2856, 0.3254, 0.3327, 0.2758, 0.2126]
Val_Loss: 0.599468, Val_Acc: 0.760684

Epoch #102, Train_Loss: [0.2631, 0.3083, 0.2936, 0.3475, 0.2851, 0.2605, 0.3192, 0.4022]
Val_Loss: 0.564644, Val_Acc: 0.760684

Epoch #103, Train_Loss: [0.2580, 0.2727, 0.3234, 0.3223, 0.2497, 0.2106, 0.2858, 0.4380]
Val_Loss: 0.596111, Val_Acc: 0.760684

Epoch #104, Train_Loss: [0.2715, 0.2594, 0.3541, 0.2364, 0.2533, 0.2650, 0.2484, 0.2714]
Val_Loss: 0.550698, Val_Acc: 0.769231

Epoch #105, Train_Loss: [0.2268, 0.3962, 0.3258, 0.2126, 0.2622, 0.2750, 0.2930, 0.2485]
Val_Loss: 0.692659, Val_Acc: 0.743590

Epoch #106, Train_Loss: [0.3662, 0.3110, 0.2033, 0.3049, 0.2539, 0.3365, 0.2079, 0.4226]
Val_Loss: 0.645918, Val_Acc: 0.752137

Epoch #107, Train_Loss: [0.2987, 0.2422, 0.2663, 0.2646, 0.3243, 0.2588, 0.2444, 0.2246]
Val_Loss: 0.596960, Val_Acc: 0.760684

Epoch #108, Train_Loss: [0.2196, 0.2291, 0.3092, 0.3028, 0.2570, 0.2230, 0.2942, 0.2690]
Val_Loss: 0.592310, Val_Acc: 0.752137

Epoch #109, Train_Loss: [0.2453, 0.1590, 0.2986, 0.2837, 0.3562, 0.3224, 0.3026, 0.2328]
Val_Loss: 0.703956, Val_Acc: 0.752137

Epoch #110, Train_Loss: [0.3162, 0.2804, 0.3538, 0.2321, 0.3028, 0.3162, 0.2083, 0.1717]
Val_Loss: 0.635284, Val_Acc: 0.752137

Epoch #111, Train_Loss: [0.2002, 0.1950, 0.1981, 0.2343, 0.3577, 0.3066, 0.3100, 0.2822]
Val_Loss: 0.706771, Val_Acc: 0.743590

Epoch #112, Train_Loss: [0.3436, 0.2815, 0.3386, 0.2922, 0.1904, 0.2755, 0.2698, 0.1280]
Val_Loss: 0.699731, Val_Acc: 0.743590

Epoch #113, Train_Loss: [0.3022, 0.2203, 0.2799, 0.2206, 0.3282, 0.2306, 0.2451, 0.2977]
Val_Loss: 0.672200, Val_Acc: 0.735043

Epoch #114, Train_Loss: [0.2695, 0.3037, 0.2144, 0.2612, 0.2258, 0.3302, 0.2029, 0.3400]
Val_Loss: 0.621589, Val_Acc: 0.752137

Epoch #115, Train_Loss: [0.3512, 0.2939, 0.2059, 0.2976, 0.2709, 0.2418, 0.1748, 0.2040]
Val_Loss: 0.598071, Val_Acc: 0.777778

Epoch #116, Train_Loss: [0.2431, 0.2317, 0.2360, 0.2112, 0.1995, 0.3089, 0.4127, 0.1298]
Val_Loss: 0.615950, Val_Acc: 0.777778

Epoch #117, Train_Loss: [0.2201, 0.2410, 0.1580, 0.2637, 0.2221, 0.3747, 0.3193, 0.1899]
Val_Loss: 0.582280, Val_Acc: 0.760684

Epoch #118, Train_Loss: [0.1268, 0.3129, 0.2591, 0.2310, 0.2463, 0.1559, 0.2951, 0.2138]
Val_Loss: 0.537725, Val_Acc: 0.777778

Epoch #119, Train_Loss: [0.2206, 0.3102, 0.2112, 0.2235, 0.3849, 0.1931, 0.2299, 0.1188]
Val_Loss: 0.547999, Val_Acc: 0.786325

Epoch #120, Train_Loss: [0.2070, 0.2583, 0.2783, 0.3118, 0.2668, 0.1981, 0.1941, 0.2873]
Val_Loss: 0.603666, Val_Acc: 0.769231

Epoch #121, Train_Loss: [0.1821, 0.2626, 0.3908, 0.1596, 0.2110, 0.3142, 0.2038, 0.2298]
Val_Loss: 0.640384, Val_Acc: 0.769231

Epoch #122, Train_Loss: [0.2149, 0.2269, 0.1596, 0.1637, 0.2668, 0.2733, 0.3249, 0.2440]
Val_Loss: 0.537730, Val_Acc: 0.777778

Epoch #123, Train_Loss: [0.2307, 0.2069, 0.2697, 0.2238, 0.2891, 0.3657, 0.2179, 0.3333]
Val_Loss: 0.545819, Val_Acc: 0.786325

Epoch #124, Train_Loss: [0.4006, 0.2142, 0.2304, 0.4537, 0.3929, 0.2226, 0.3078, 0.3886]
Val_Loss: 0.513415, Val_Acc: 0.777778

Epoch #125, Train_Loss: [0.3400, 0.3512, 0.2493, 0.3338, 0.2707, 0.4095, 0.2531, 0.2965]
Val_Loss: 0.492588, Val_Acc: 0.786325
The current best model is saved in: ******** outputs/DD_Hie/model.pth *********

Epoch #126, Train_Loss: [0.3245, 0.3172, 0.2122, 0.2666, 0.3169, 0.2130, 0.2918, 0.2660]
Val_Loss: 0.543719, Val_Acc: 0.760684

Epoch #127, Train_Loss: [0.2527, 0.2307, 0.3175, 0.2448, 0.2103, 0.3623, 0.1612, 0.1828]
Val_Loss: 0.596983, Val_Acc: 0.760684

Epoch #128, Train_Loss: [0.2745, 0.2391, 0.2519, 0.2753, 0.1740, 0.2582, 0.2276, 0.3108]
Val_Loss: 0.593248, Val_Acc: 0.760684

Epoch #129, Train_Loss: [0.2245, 0.1496, 0.2442, 0.2338, 0.3116, 0.2625, 0.1661, 0.1145]
Val_Loss: 0.609476, Val_Acc: 0.760684

Epoch #130, Train_Loss: [0.2643, 0.2773, 0.2650, 0.1215, 0.2356, 0.1733, 0.2060, 0.2515]
Val_Loss: 0.606884, Val_Acc: 0.769231

Epoch #131, Train_Loss: [0.2553, 0.1660, 0.2065, 0.2413, 0.2056, 0.2803, 0.2044, 0.2800]
Val_Loss: 0.635170, Val_Acc: 0.760684

Epoch #132, Train_Loss: [0.3104, 0.2156, 0.1574, 0.2342, 0.2538, 0.2131, 0.2187, 0.1643]
Val_Loss: 0.604724, Val_Acc: 0.769231

Epoch #133, Train_Loss: [0.1500, 0.2428, 0.2973, 0.2608, 0.1805, 0.1827, 0.2274, 0.2253]
Val_Loss: 0.567453, Val_Acc: 0.786325

Epoch #134, Train_Loss: [0.2284, 0.2215, 0.2369, 0.2859, 0.1680, 0.1945, 0.1817, 0.2291]
Val_Loss: 0.581715, Val_Acc: 0.786325

Epoch #135, Train_Loss: [0.1579, 0.1941, 0.3267, 0.2040, 0.1853, 0.1553, 0.2154, 0.2954]
Val_Loss: 0.599761, Val_Acc: 0.786325

Epoch #136, Train_Loss: [0.2532, 0.1699, 0.1749, 0.2614, 0.2303, 0.2105, 0.1628, 0.1566]
Val_Loss: 0.619171, Val_Acc: 0.760684

Epoch #137, Train_Loss: [0.2066, 0.3221, 0.2363, 0.1605, 0.1950, 0.1734, 0.1506, 0.3775]
Val_Loss: 0.673522, Val_Acc: 0.760684

Epoch #138, Train_Loss: [0.2001, 0.2130, 0.2228, 0.2644, 0.1559, 0.1956, 0.1272, 0.4906]
Val_Loss: 0.703926, Val_Acc: 0.769231

Epoch #139, Train_Loss: [0.1923, 0.2681, 0.2012, 0.1917, 0.2349, 0.1973, 0.1805, 0.1298]
Val_Loss: 0.585947, Val_Acc: 0.786325

Epoch #140, Train_Loss: [0.1437, 0.2157, 0.2339, 0.1796, 0.1926, 0.2088, 0.2876, 0.1958]
Val_Loss: 0.575129, Val_Acc: 0.777778

Epoch #141, Train_Loss: [0.1967, 0.1653, 0.2345, 0.2457, 0.1287, 0.3104, 0.1233, 0.2196]
Val_Loss: 0.619915, Val_Acc: 0.752137

Epoch #142, Train_Loss: [0.2437, 0.1520, 0.2642, 0.1744, 0.1675, 0.2548, 0.1559, 0.1825]
Val_Loss: 0.600071, Val_Acc: 0.777778

Epoch #143, Train_Loss: [0.1605, 0.2060, 0.2209, 0.2088, 0.1798, 0.1809, 0.2389, 0.1499]
Val_Loss: 0.576623, Val_Acc: 0.777778

Epoch #144, Train_Loss: [0.2227, 0.2091, 0.2357, 0.2228, 0.1268, 0.1998, 0.2505, 0.2777]
Val_Loss: 0.638030, Val_Acc: 0.752137

Epoch #145, Train_Loss: [0.2365, 0.2592, 0.1686, 0.1139, 0.1768, 0.2229, 0.1990, 0.2268]
Val_Loss: 0.704549, Val_Acc: 0.752137

Epoch #146, Train_Loss: [0.2374, 0.3140, 0.2176, 0.1320, 0.1919, 0.1984, 0.1026, 0.1448]
Val_Loss: 0.629898, Val_Acc: 0.769231

Epoch #147, Train_Loss: [0.1271, 0.1071, 0.2049, 0.2118, 0.1917, 0.2305, 0.2169, 0.3490]
Val_Loss: 0.608294, Val_Acc: 0.786325

Epoch #148, Train_Loss: [0.2313, 0.2201, 0.1442, 0.2200, 0.1015, 0.1826, 0.2408, 0.2639]
Val_Loss: 0.601227, Val_Acc: 0.786325

Epoch #149, Train_Loss: [0.2179, 0.1724, 0.1891, 0.1689, 0.2051, 0.2562, 0.1342, 0.3327]
Val_Loss: 0.646841, Val_Acc: 0.760684

Epoch #150, Train_Loss: [0.2475, 0.2083, 0.1885, 0.2119, 0.3090, 0.1634, 0.1704, 0.2425]
Val_Loss: 0.572019, Val_Acc: 0.803419

Epoch #151, Train_Loss: [0.2046, 0.1239, 0.3791, 0.1881, 0.1675, 0.2661, 0.2334, 0.2120]
Val_Loss: 0.634160, Val_Acc: 0.752137

Epoch #152, Train_Loss: [0.2483, 0.2513, 0.2312, 0.1328, 0.1923, 0.1429, 0.1371, 0.1202]
Val_Loss: 0.631525, Val_Acc: 0.752137

Epoch #153, Train_Loss: [0.1998, 0.1545, 0.1646, 0.2158, 0.1449, 0.1866, 0.1987, 0.1817]
Val_Loss: 0.645879, Val_Acc: 0.769231

Epoch #154, Train_Loss: [0.1578, 0.1688, 0.0999, 0.2286, 0.2073, 0.1893, 0.1689, 0.2762]
Val_Loss: 0.645701, Val_Acc: 0.777778

Epoch #155, Train_Loss: [0.2380, 0.2792, 0.1503, 0.1352, 0.1674, 0.1034, 0.1910, 0.2181]
Val_Loss: 0.655697, Val_Acc: 0.769231

Epoch #156, Train_Loss: [0.2044, 0.1771, 0.1124, 0.1426, 0.1748, 0.1863, 0.1752, 0.1823]
Val_Loss: 0.713512, Val_Acc: 0.752137

Epoch #157, Train_Loss: [0.1195, 0.1258, 0.2168, 0.2219, 0.1474, 0.1889, 0.1353, 0.3330]
Val_Loss: 0.655506, Val_Acc: 0.777778

Epoch #158, Train_Loss: [0.1225, 0.2169, 0.2621, 0.1438, 0.2004, 0.3491, 0.1873, 0.0656]
Val_Loss: 0.609615, Val_Acc: 0.786325

Epoch #159, Train_Loss: [0.1412, 0.1492, 0.3091, 0.1256, 0.2007, 0.2213, 0.1597, 0.2124]
Val_Loss: 0.701462, Val_Acc: 0.752137

Epoch #160, Train_Loss: [0.1125, 0.1381, 0.1690, 0.2033, 0.1835, 0.1892, 0.2047, 0.0817]
Val_Loss: 0.745040, Val_Acc: 0.752137

Epoch #161, Train_Loss: [0.2367, 0.0875, 0.1386, 0.2364, 0.2366, 0.1242, 0.1570, 0.1663]
Val_Loss: 0.733515, Val_Acc: 0.760684

Epoch #162, Train_Loss: [0.1334, 0.1832, 0.1651, 0.1078, 0.2534, 0.1730, 0.1237, 0.1056]
Val_Loss: 0.774549, Val_Acc: 0.752137

Epoch #163, Train_Loss: [0.1566, 0.2131, 0.2462, 0.2421, 0.1209, 0.1504, 0.1634, 0.0510]
Val_Loss: 0.719454, Val_Acc: 0.752137

Epoch #164, Train_Loss: [0.2358, 0.1877, 0.1846, 0.2131, 0.1366, 0.1495, 0.0910, 0.1652]
Val_Loss: 0.761858, Val_Acc: 0.743590

Epoch #165, Train_Loss: [0.1241, 0.1498, 0.1516, 0.0843, 0.1450, 0.3107, 0.1519, 0.1097]
Val_Loss: 0.724663, Val_Acc: 0.752137

Epoch #166, Train_Loss: [0.1720, 0.1492, 0.1804, 0.2061, 0.1080, 0.1781, 0.1502, 0.0668]
Val_Loss: 0.777743, Val_Acc: 0.752137

********** TEST START **********
Reload Best Model
The current best model is saved in: ******** outputs/DD_Hie/model.pth *********
TEST :: Test_Acc: 0.672269
