+-----------------+-------------------+
|    Parameter    |       Value       |
+=================+===================+
| Batch size      | 128               |
+-----------------+-------------------+
| Dataset         | NCI109            |
+-----------------+-------------------+
| Dropout ratio   | 0.5               |
+-----------------+-------------------+
| Epochs          | 10000             |
+-----------------+-------------------+
| Exp name        | NCI109_Glo        |
+-----------------+-------------------+
| Gpu index       | 0                 |
+-----------------+-------------------+
| Hid             | 128               |
+-----------------+-------------------+
| Lr              | 0.0005            |
+-----------------+-------------------+
| Model           | SAGPooling_Global |
+-----------------+-------------------+
| Patience        | 40                |
+-----------------+-------------------+
| Pooling ratio   | 0.5               |
+-----------------+-------------------+
| Seed            | 16                |
+-----------------+-------------------+
| Test batch size | 1                 |
+-----------------+-------------------+
| Weight decay    | 0.0001            |
+-----------------+-------------------+
Using GPU: 0
SAGPooling_Global(
  (conv1): GCNConv(38, 128)
  (conv2): GCNConv(128, 128)
  (conv3): GCNConv(128, 128)
  (pool): SAGPooling(GCNConv, 384, ratio=0.5, multiplier=1.0)
  (lin1): Linear(in_features=768, out_features=128, bias=True)
  (lin2): Linear(in_features=128, out_features=64, bias=True)
  (classifier): Linear(in_features=64, out_features=2, bias=True)
)
Model Parameter: 145220
Using Adam

Epoch #000, Train_Loss: [0.6930, 0.6935, 0.6931, 0.6929, 0.6933, 0.6930, 0.6931, 0.6935, 0.6930, 0.6932, 0.6933, 0.6924, 0.6929, 0.6930, 0.6929, 0.6936, 0.6938, 0.6932, 0.6932, 0.6939, 0.6932, 0.6935, 0.6926, 0.6925, 0.6928, 0.6924]
Val_Loss: 0.692171, Val_Acc: 0.487864
The current best model is saved in: ******** outputs/NCI109_Glo/model.pth *********

Epoch #001, Train_Loss: [0.6933, 0.6932, 0.6917, 0.6921, 0.6919, 0.6913, 0.6911, 0.6914, 0.6929, 0.6907, 0.6922, 0.6947, 0.6936, 0.6923, 0.6939, 0.6867, 0.6935, 0.6902, 0.6914, 0.6925, 0.6875, 0.6949, 0.6961, 0.6850, 0.6969, 0.6895]
Val_Loss: 0.685389, Val_Acc: 0.487864
The current best model is saved in: ******** outputs/NCI109_Glo/model.pth *********

Epoch #002, Train_Loss: [0.6884, 0.6857, 0.6909, 0.6866, 0.6808, 0.6844, 0.6938, 0.6885, 0.6905, 0.6980, 0.6826, 0.6899, 0.6774, 0.6924, 0.6930, 0.6693, 0.6846, 0.6934, 0.6881, 0.6712, 0.7060, 0.6914, 0.6906, 0.6742, 0.6857, 0.7034]
Val_Loss: 0.672403, Val_Acc: 0.526699
The current best model is saved in: ******** outputs/NCI109_Glo/model.pth *********

Epoch #003, Train_Loss: [0.6800, 0.6856, 0.6874, 0.6794, 0.6696, 0.6664, 0.6821, 0.6777, 0.6693, 0.6897, 0.6965, 0.6860, 0.7130, 0.7022, 0.6826, 0.6797, 0.7002, 0.6649, 0.6833, 0.6940, 0.6855, 0.6827, 0.6877, 0.6744, 0.6850, 0.6785]
Val_Loss: 0.670325, Val_Acc: 0.633495
The current best model is saved in: ******** outputs/NCI109_Glo/model.pth *********

Epoch #004, Train_Loss: [0.6698, 0.6841, 0.6697, 0.6865, 0.6733, 0.6791, 0.6821, 0.6770, 0.6755, 0.6816, 0.6606, 0.6729, 0.6934, 0.6726, 0.6610, 0.6888, 0.6619, 0.6802, 0.6781, 0.6981, 0.6412, 0.6660, 0.6339, 0.6919, 0.6872, 0.6688]
Val_Loss: 0.651838, Val_Acc: 0.618932
The current best model is saved in: ******** outputs/NCI109_Glo/model.pth *********

Epoch #005, Train_Loss: [0.6601, 0.6871, 0.6745, 0.6463, 0.6340, 0.6834, 0.6752, 0.6827, 0.6775, 0.6316, 0.6616, 0.6871, 0.6775, 0.6678, 0.6496, 0.6248, 0.6644, 0.6633, 0.6919, 0.6028, 0.6785, 0.6833, 0.6868, 0.6568, 0.6609, 0.6431]
Val_Loss: 0.641133, Val_Acc: 0.601942
The current best model is saved in: ******** outputs/NCI109_Glo/model.pth *********

Epoch #006, Train_Loss: [0.6378, 0.6247, 0.6217, 0.6344, 0.6338, 0.6817, 0.6679, 0.6538, 0.6595, 0.6932, 0.6328, 0.6623, 0.6211, 0.6840, 0.6325, 0.6609, 0.6492, 0.6334, 0.6603, 0.6585, 0.6683, 0.6707, 0.6694, 0.6400, 0.6893, 0.7125]
Val_Loss: 0.641527, Val_Acc: 0.604369

Epoch #007, Train_Loss: [0.6475, 0.6676, 0.6762, 0.6744, 0.6544, 0.6714, 0.6672, 0.6489, 0.6623, 0.6589, 0.6561, 0.6501, 0.6433, 0.6311, 0.6632, 0.6581, 0.6352, 0.6606, 0.6477, 0.6335, 0.6508, 0.6236, 0.6448, 0.6702, 0.6834, 0.6451]
Val_Loss: 0.636682, Val_Acc: 0.601942
The current best model is saved in: ******** outputs/NCI109_Glo/model.pth *********

Epoch #008, Train_Loss: [0.6443, 0.6701, 0.6507, 0.6353, 0.6158, 0.6633, 0.6101, 0.6201, 0.6308, 0.6774, 0.6107, 0.6830, 0.6936, 0.6628, 0.6353, 0.6624, 0.6899, 0.6569, 0.5984, 0.6366, 0.6496, 0.6382, 0.6201, 0.6219, 0.6500, 0.5938]
Val_Loss: 0.641079, Val_Acc: 0.577670

Epoch #009, Train_Loss: [0.6527, 0.7036, 0.6708, 0.6217, 0.6750, 0.6702, 0.6177, 0.6242, 0.6285, 0.6658, 0.6261, 0.6329, 0.6156, 0.6076, 0.6608, 0.6182, 0.6510, 0.6329, 0.6263, 0.6204, 0.6987, 0.5967, 0.6190, 0.6740, 0.6365, 0.6544]
Val_Loss: 0.621140, Val_Acc: 0.662621
The current best model is saved in: ******** outputs/NCI109_Glo/model.pth *********

Epoch #010, Train_Loss: [0.6504, 0.6345, 0.6203, 0.6225, 0.6360, 0.6515, 0.6270, 0.6620, 0.6493, 0.6239, 0.6478, 0.6186, 0.6233, 0.6590, 0.6576, 0.6492, 0.6224, 0.6096, 0.6260, 0.6422, 0.5960, 0.6865, 0.5850, 0.6090, 0.6272, 0.6728]
Val_Loss: 0.621412, Val_Acc: 0.660194

Epoch #011, Train_Loss: [0.5918, 0.6050, 0.6467, 0.6951, 0.6229, 0.7105, 0.6655, 0.6220, 0.6067, 0.6360, 0.6364, 0.6087, 0.5902, 0.6330, 0.6363, 0.6139, 0.5930, 0.5862, 0.6128, 0.6311, 0.6699, 0.6252, 0.6376, 0.6043, 0.6375, 0.6419]
Val_Loss: 0.606998, Val_Acc: 0.701456
The current best model is saved in: ******** outputs/NCI109_Glo/model.pth *********

Epoch #012, Train_Loss: [0.6220, 0.5786, 0.6173, 0.6128, 0.6529, 0.6390, 0.6491, 0.6076, 0.6010, 0.6117, 0.6367, 0.5805, 0.6483, 0.6381, 0.5327, 0.6410, 0.6383, 0.6694, 0.6554, 0.6577, 0.5997, 0.6373, 0.7234, 0.6918, 0.6201, 0.6467]
Val_Loss: 0.610158, Val_Acc: 0.696602

Epoch #013, Train_Loss: [0.6276, 0.6177, 0.6154, 0.5753, 0.5828, 0.6548, 0.6642, 0.6024, 0.5684, 0.6638, 0.6348, 0.6036, 0.6098, 0.6139, 0.6333, 0.6669, 0.6035, 0.6157, 0.6075, 0.6321, 0.6101, 0.6405, 0.6169, 0.6258, 0.6477, 0.6496]
Val_Loss: 0.629443, Val_Acc: 0.606796

Epoch #014, Train_Loss: [0.6510, 0.5978, 0.5744, 0.6125, 0.6260, 0.6486, 0.6125, 0.5855, 0.6372, 0.6439, 0.6501, 0.6065, 0.6114, 0.6559, 0.6593, 0.6502, 0.6336, 0.6311, 0.5600, 0.5860, 0.6114, 0.6196, 0.5812, 0.6411, 0.6004, 0.6516]
Val_Loss: 0.610467, Val_Acc: 0.686893

Epoch #015, Train_Loss: [0.6350, 0.6173, 0.5811, 0.6704, 0.6233, 0.6291, 0.6015, 0.5921, 0.6392, 0.5816, 0.7095, 0.6185, 0.5888, 0.6257, 0.6773, 0.6434, 0.5801, 0.6228, 0.6367, 0.6602, 0.6322, 0.6471, 0.5927, 0.6331, 0.7031, 0.6652]
Val_Loss: 0.623075, Val_Acc: 0.601942

Epoch #016, Train_Loss: [0.6617, 0.6332, 0.5995, 0.6236, 0.6462, 0.6309, 0.6089, 0.5849, 0.6468, 0.5937, 0.5803, 0.6779, 0.6094, 0.6283, 0.6225, 0.6226, 0.6402, 0.6407, 0.6822, 0.6173, 0.6032, 0.6101, 0.5872, 0.6404, 0.6344, 0.5919]
Val_Loss: 0.600765, Val_Acc: 0.684466
The current best model is saved in: ******** outputs/NCI109_Glo/model.pth *********

Epoch #017, Train_Loss: [0.6063, 0.6056, 0.6147, 0.6319, 0.6154, 0.5648, 0.6484, 0.6229, 0.6003, 0.6367, 0.6518, 0.6236, 0.5648, 0.6027, 0.6090, 0.5960, 0.5984, 0.6247, 0.6887, 0.5926, 0.5559, 0.5536, 0.6405, 0.6529, 0.5812, 0.6707]
Val_Loss: 0.591282, Val_Acc: 0.706311
The current best model is saved in: ******** outputs/NCI109_Glo/model.pth *********

Epoch #018, Train_Loss: [0.5771, 0.5744, 0.6120, 0.6332, 0.6122, 0.5745, 0.5777, 0.6483, 0.6163, 0.6249, 0.6113, 0.6903, 0.6103, 0.5961, 0.6107, 0.6154, 0.5920, 0.6204, 0.5918, 0.5662, 0.6312, 0.6192, 0.6301, 0.5484, 0.5995, 0.6202]
Val_Loss: 0.670139, Val_Acc: 0.575243

Epoch #019, Train_Loss: [0.6437, 0.6437, 0.6046, 0.5778, 0.6124, 0.6863, 0.5667, 0.6080, 0.5615, 0.6265, 0.5922, 0.6518, 0.6226, 0.6085, 0.6637, 0.5591, 0.6044, 0.5586, 0.5462, 0.6250, 0.6239, 0.5610, 0.6102, 0.5830, 0.6250, 0.5605]
Val_Loss: 0.593798, Val_Acc: 0.691748

Epoch #020, Train_Loss: [0.5531, 0.6242, 0.6011, 0.6384, 0.5659, 0.5724, 0.5868, 0.6537, 0.5478, 0.6080, 0.5375, 0.6166, 0.6356, 0.5352, 0.6104, 0.6490, 0.6111, 0.6195, 0.5765, 0.6194, 0.5155, 0.5877, 0.6560, 0.5773, 0.5995, 0.6280]
Val_Loss: 0.588860, Val_Acc: 0.696602
The current best model is saved in: ******** outputs/NCI109_Glo/model.pth *********

Epoch #021, Train_Loss: [0.5943, 0.6201, 0.6100, 0.6585, 0.6034, 0.5472, 0.5943, 0.5895, 0.5732, 0.6216, 0.6516, 0.6276, 0.5389, 0.5553, 0.6319, 0.6706, 0.6256, 0.5589, 0.6345, 0.5551, 0.6083, 0.5601, 0.6035, 0.5822, 0.5845, 0.5742]
Val_Loss: 0.585568, Val_Acc: 0.716019
The current best model is saved in: ******** outputs/NCI109_Glo/model.pth *********

Epoch #022, Train_Loss: [0.6358, 0.5676, 0.5956, 0.6011, 0.5648, 0.5176, 0.6519, 0.6682, 0.6384, 0.6148, 0.5774, 0.6315, 0.5452, 0.6320, 0.6343, 0.6124, 0.6312, 0.5456, 0.5048, 0.5738, 0.5857, 0.6127, 0.6612, 0.5918, 0.6031, 0.6197]
Val_Loss: 0.596152, Val_Acc: 0.684466

Epoch #023, Train_Loss: [0.5664, 0.6173, 0.5800, 0.5291, 0.6174, 0.5182, 0.6482, 0.5926, 0.6084, 0.6199, 0.5568, 0.6510, 0.5205, 0.5910, 0.5822, 0.5906, 0.5762, 0.6228, 0.6041, 0.6225, 0.6012, 0.5146, 0.6362, 0.5970, 0.5546, 0.5914]
Val_Loss: 0.581457, Val_Acc: 0.716019
The current best model is saved in: ******** outputs/NCI109_Glo/model.pth *********

Epoch #024, Train_Loss: [0.6156, 0.6199, 0.5795, 0.5653, 0.6059, 0.5626, 0.6203, 0.5761, 0.6288, 0.6684, 0.5670, 0.5960, 0.5959, 0.5912, 0.6210, 0.5944, 0.5825, 0.5307, 0.6077, 0.5608, 0.5526, 0.5899, 0.5977, 0.5583, 0.6333, 0.6377]
Val_Loss: 0.592082, Val_Acc: 0.703883

Epoch #025, Train_Loss: [0.5523, 0.5835, 0.5094, 0.5111, 0.6825, 0.6448, 0.5994, 0.5559, 0.6309, 0.5330, 0.6614, 0.5670, 0.5994, 0.5982, 0.6321, 0.5932, 0.5814, 0.6552, 0.5697, 0.5422, 0.6083, 0.5936, 0.6141, 0.5648, 0.5549, 0.5647]
Val_Loss: 0.572724, Val_Acc: 0.716019
The current best model is saved in: ******** outputs/NCI109_Glo/model.pth *********

Epoch #026, Train_Loss: [0.6251, 0.5306, 0.5533, 0.6092, 0.5976, 0.5640, 0.5669, 0.5527, 0.6124, 0.6487, 0.6562, 0.5919, 0.6190, 0.5705, 0.6513, 0.6044, 0.6248, 0.5644, 0.5615, 0.5667, 0.5991, 0.5916, 0.5876, 0.5132, 0.6000, 0.5925]
Val_Loss: 0.577347, Val_Acc: 0.716019

Epoch #027, Train_Loss: [0.5683, 0.5249, 0.6107, 0.5313, 0.5823, 0.5969, 0.6012, 0.5909, 0.5859, 0.5470, 0.5723, 0.5758, 0.6716, 0.5767, 0.6712, 0.6083, 0.5506, 0.6050, 0.5700, 0.5675, 0.6030, 0.5752, 0.5768, 0.5726, 0.5772, 0.5954]
Val_Loss: 0.577817, Val_Acc: 0.718447

Epoch #028, Train_Loss: [0.5263, 0.5518, 0.6569, 0.6052, 0.6330, 0.6357, 0.5403, 0.5246, 0.5562, 0.6160, 0.5608, 0.5753, 0.5486, 0.5802, 0.6008, 0.5485, 0.6463, 0.5805, 0.6185, 0.5813, 0.5914, 0.5696, 0.5978, 0.5900, 0.6268, 0.6488]
Val_Loss: 0.579229, Val_Acc: 0.718447

Epoch #029, Train_Loss: [0.6060, 0.5890, 0.5655, 0.6222, 0.6071, 0.5650, 0.5544, 0.6039, 0.6011, 0.5772, 0.5563, 0.5698, 0.5556, 0.5446, 0.5871, 0.6473, 0.6134, 0.5936, 0.6835, 0.5473, 0.5813, 0.5640, 0.5839, 0.5755, 0.5727, 0.5292]
Val_Loss: 0.573397, Val_Acc: 0.720874

Epoch #030, Train_Loss: [0.6015, 0.5487, 0.5945, 0.6000, 0.5591, 0.5848, 0.5841, 0.6229, 0.5728, 0.5569, 0.6092, 0.5218, 0.5410, 0.6343, 0.6109, 0.6577, 0.5529, 0.5485, 0.5563, 0.5342, 0.5666, 0.6485, 0.5679, 0.6190, 0.5583, 0.5264]
Val_Loss: 0.575016, Val_Acc: 0.711165

Epoch #031, Train_Loss: [0.5811, 0.6253, 0.5151, 0.5802, 0.5334, 0.5830, 0.6073, 0.6139, 0.5501, 0.5552, 0.6092, 0.5921, 0.6094, 0.5913, 0.5591, 0.5377, 0.5730, 0.5891, 0.6126, 0.5570, 0.5477, 0.5864, 0.5938, 0.5907, 0.6378, 0.6210]
Val_Loss: 0.562887, Val_Acc: 0.733010
The current best model is saved in: ******** outputs/NCI109_Glo/model.pth *********

Epoch #032, Train_Loss: [0.5560, 0.5879, 0.6710, 0.6020, 0.5470, 0.5061, 0.5978, 0.6131, 0.5207, 0.5956, 0.5884, 0.5783, 0.6007, 0.5692, 0.5934, 0.5452, 0.6348, 0.6351, 0.6002, 0.6205, 0.5589, 0.5480, 0.5530, 0.6076, 0.5831, 0.5685]
Val_Loss: 0.580331, Val_Acc: 0.716019

Epoch #033, Train_Loss: [0.5475, 0.5893, 0.5847, 0.5848, 0.5228, 0.5502, 0.6083, 0.6177, 0.5519, 0.5869, 0.6271, 0.5702, 0.5603, 0.5478, 0.6054, 0.6290, 0.5766, 0.5857, 0.6015, 0.5676, 0.5813, 0.5412, 0.5856, 0.5468, 0.5732, 0.5785]
Val_Loss: 0.571312, Val_Acc: 0.723301

Epoch #034, Train_Loss: [0.5236, 0.5612, 0.5495, 0.5974, 0.6132, 0.5639, 0.5387, 0.5947, 0.5205, 0.6245, 0.5927, 0.5856, 0.5453, 0.6201, 0.6102, 0.5727, 0.5867, 0.5685, 0.5998, 0.5578, 0.5806, 0.5801, 0.5224, 0.5976, 0.5593, 0.5564]
Val_Loss: 0.576330, Val_Acc: 0.703883

Epoch #035, Train_Loss: [0.5923, 0.5635, 0.5547, 0.5395, 0.6071, 0.5822, 0.5993, 0.5452, 0.6048, 0.5597, 0.5455, 0.6298, 0.4790, 0.5224, 0.6501, 0.6679, 0.5732, 0.5868, 0.6384, 0.5882, 0.5351, 0.6024, 0.5351, 0.5690, 0.5449, 0.6180]
Val_Loss: 0.569385, Val_Acc: 0.718447

Epoch #036, Train_Loss: [0.6577, 0.5770, 0.5764, 0.5357, 0.5716, 0.5789, 0.5689, 0.5605, 0.5565, 0.5623, 0.5792, 0.5349, 0.5526, 0.5964, 0.6663, 0.5854, 0.6137, 0.5257, 0.4839, 0.5265, 0.5811, 0.6279, 0.6156, 0.6077, 0.5580, 0.6032]
Val_Loss: 0.567266, Val_Acc: 0.711165

Epoch #037, Train_Loss: [0.5020, 0.5726, 0.5848, 0.5754, 0.6489, 0.6091, 0.5275, 0.5124, 0.5852, 0.5745, 0.6732, 0.5624, 0.5404, 0.5224, 0.6063, 0.6011, 0.5386, 0.5196, 0.5486, 0.6050, 0.6058, 0.5918, 0.6343, 0.5848, 0.5352, 0.5837]
Val_Loss: 0.558898, Val_Acc: 0.728155
The current best model is saved in: ******** outputs/NCI109_Glo/model.pth *********

Epoch #038, Train_Loss: [0.5623, 0.6003, 0.6141, 0.5504, 0.5852, 0.5541, 0.6016, 0.5305, 0.6340, 0.4765, 0.5541, 0.5800, 0.6120, 0.5641, 0.5587, 0.5031, 0.6132, 0.5698, 0.5738, 0.5545, 0.5933, 0.5726, 0.5882, 0.6253, 0.4901, 0.5604]
Val_Loss: 0.567725, Val_Acc: 0.716019

Epoch #039, Train_Loss: [0.5824, 0.6571, 0.5321, 0.6443, 0.6084, 0.5591, 0.6348, 0.6052, 0.5747, 0.5643, 0.5820, 0.6016, 0.6053, 0.5870, 0.5645, 0.4809, 0.4878, 0.5485, 0.5302, 0.5673, 0.5987, 0.5034, 0.5242, 0.5488, 0.6202, 0.4736]
Val_Loss: 0.561000, Val_Acc: 0.728155

Epoch #040, Train_Loss: [0.5972, 0.6255, 0.5377, 0.5270, 0.5477, 0.5518, 0.5816, 0.5270, 0.5739, 0.5769, 0.5690, 0.6090, 0.5480, 0.6131, 0.6004, 0.5463, 0.5829, 0.5850, 0.5701, 0.5561, 0.5849, 0.5477, 0.6054, 0.6224, 0.5164, 0.5361]
Val_Loss: 0.562373, Val_Acc: 0.735437

Epoch #041, Train_Loss: [0.6333, 0.5706, 0.6452, 0.4777, 0.5555, 0.5514, 0.5918, 0.5705, 0.5652, 0.5914, 0.5725, 0.6100, 0.5667, 0.5437, 0.5543, 0.5644, 0.5965, 0.6085, 0.5934, 0.5507, 0.5974, 0.5378, 0.4762, 0.6125, 0.5341, 0.6505]
Val_Loss: 0.564818, Val_Acc: 0.735437

Epoch #042, Train_Loss: [0.5215, 0.6037, 0.5453, 0.5315, 0.5921, 0.6199, 0.5881, 0.5588, 0.5614, 0.5816, 0.5386, 0.5713, 0.5776, 0.4991, 0.5048, 0.5853, 0.5763, 0.5599, 0.5496, 0.6006, 0.5802, 0.6139, 0.5909, 0.5571, 0.5311, 0.6826]
Val_Loss: 0.556033, Val_Acc: 0.737864
The current best model is saved in: ******** outputs/NCI109_Glo/model.pth *********

Epoch #043, Train_Loss: [0.5909, 0.5758, 0.5860, 0.6174, 0.5962, 0.5799, 0.5402, 0.5260, 0.5976, 0.5917, 0.5568, 0.5687, 0.5719, 0.5002, 0.5570, 0.6383, 0.5483, 0.5291, 0.6115, 0.5322, 0.5770, 0.5194, 0.5812, 0.5561, 0.5391, 0.5401]
Val_Loss: 0.560401, Val_Acc: 0.740291

Epoch #044, Train_Loss: [0.5177, 0.5753, 0.5131, 0.5377, 0.5369, 0.5315, 0.5590, 0.5866, 0.5429, 0.5030, 0.5345, 0.5476, 0.4985, 0.6387, 0.5750, 0.6071, 0.5624, 0.5761, 0.5873, 0.5740, 0.5672, 0.6122, 0.5819, 0.5496, 0.5635, 0.6457]
Val_Loss: 0.551292, Val_Acc: 0.742718
The current best model is saved in: ******** outputs/NCI109_Glo/model.pth *********

Epoch #045, Train_Loss: [0.6219, 0.5379, 0.5577, 0.5439, 0.5460, 0.5687, 0.5251, 0.6133, 0.5237, 0.5876, 0.5697, 0.5358, 0.5970, 0.5769, 0.5535, 0.5591, 0.6339, 0.5313, 0.5227, 0.5830, 0.5970, 0.5935, 0.5105, 0.5825, 0.5611, 0.6098]
Val_Loss: 0.550384, Val_Acc: 0.733010
The current best model is saved in: ******** outputs/NCI109_Glo/model.pth *********

Epoch #046, Train_Loss: [0.5717, 0.5336, 0.5872, 0.5295, 0.6018, 0.5420, 0.5646, 0.4495, 0.5574, 0.6241, 0.5921, 0.5842, 0.5011, 0.5859, 0.5835, 0.6337, 0.5168, 0.5364, 0.5841, 0.5253, 0.5684, 0.5272, 0.6314, 0.5775, 0.5542, 0.5533]
Val_Loss: 0.554754, Val_Acc: 0.730583

Epoch #047, Train_Loss: [0.5945, 0.4919, 0.5877, 0.5623, 0.5672, 0.5494, 0.5268, 0.5825, 0.5901, 0.5667, 0.5742, 0.4754, 0.5245, 0.5513, 0.5648, 0.5897, 0.5341, 0.5683, 0.5850, 0.5800, 0.5776, 0.5133, 0.5678, 0.5600, 0.5469, 0.5499]
Val_Loss: 0.554228, Val_Acc: 0.747573

Epoch #048, Train_Loss: [0.5598, 0.5699, 0.5375, 0.5743, 0.5387, 0.5225, 0.5610, 0.5748, 0.5553, 0.5482, 0.5313, 0.5901, 0.5345, 0.5455, 0.5237, 0.5437, 0.6361, 0.5492, 0.5290, 0.6377, 0.5533, 0.5782, 0.5866, 0.5285, 0.5678, 0.5592]
Val_Loss: 0.555167, Val_Acc: 0.733010

Epoch #049, Train_Loss: [0.6341, 0.5114, 0.5565, 0.5738, 0.5789, 0.5959, 0.5071, 0.5166, 0.5458, 0.5907, 0.5692, 0.5957, 0.5732, 0.5715, 0.5575, 0.5818, 0.5097, 0.5769, 0.5069, 0.6550, 0.5863, 0.5020, 0.6045, 0.5212, 0.5238, 0.4787]
Val_Loss: 0.548456, Val_Acc: 0.747573
The current best model is saved in: ******** outputs/NCI109_Glo/model.pth *********

Epoch #050, Train_Loss: [0.6195, 0.5629, 0.5823, 0.5849, 0.5959, 0.5175, 0.4742, 0.5172, 0.5960, 0.5369, 0.5083, 0.5332, 0.5795, 0.5712, 0.5510, 0.5644, 0.5726, 0.5593, 0.5148, 0.5830, 0.5513, 0.5365, 0.6420, 0.4892, 0.5289, 0.5945]
Val_Loss: 0.566603, Val_Acc: 0.716019

Epoch #051, Train_Loss: [0.6205, 0.5428, 0.5546, 0.5411, 0.6064, 0.5374, 0.5795, 0.5758, 0.5413, 0.6552, 0.5702, 0.5204, 0.5319, 0.5221, 0.4908, 0.5428, 0.6151, 0.5565, 0.5613, 0.5220, 0.5733, 0.5099, 0.5011, 0.6243, 0.5904, 0.5808]
Val_Loss: 0.549605, Val_Acc: 0.740291

Epoch #052, Train_Loss: [0.5861, 0.6382, 0.6106, 0.5586, 0.5682, 0.6167, 0.5183, 0.5316, 0.5668, 0.5596, 0.5178, 0.5834, 0.5388, 0.5166, 0.5418, 0.5303, 0.5281, 0.5353, 0.4953, 0.5495, 0.5535, 0.5919, 0.5318, 0.5584, 0.5835, 0.5895]
Val_Loss: 0.562298, Val_Acc: 0.711165

Epoch #053, Train_Loss: [0.5030, 0.6087, 0.5549, 0.5196, 0.5762, 0.5723, 0.6339, 0.5573, 0.6270, 0.5408, 0.5770, 0.4739, 0.6076, 0.5739, 0.6521, 0.5487, 0.5299, 0.5804, 0.5189, 0.5579, 0.5231, 0.5703, 0.5891, 0.5644, 0.4930, 0.5965]
Val_Loss: 0.548322, Val_Acc: 0.742718
The current best model is saved in: ******** outputs/NCI109_Glo/model.pth *********

Epoch #054, Train_Loss: [0.5559, 0.5566, 0.4903, 0.6052, 0.5282, 0.5283, 0.5154, 0.5201, 0.5576, 0.5496, 0.5437, 0.5352, 0.5845, 0.5415, 0.5998, 0.6001, 0.5591, 0.5794, 0.5264, 0.5617, 0.5606, 0.5807, 0.5603, 0.5843, 0.5856, 0.5791]
Val_Loss: 0.570740, Val_Acc: 0.723301

Epoch #055, Train_Loss: [0.6014, 0.5964, 0.5341, 0.5731, 0.5531, 0.5469, 0.5267, 0.5934, 0.5106, 0.5648, 0.5368, 0.4977, 0.5640, 0.5635, 0.6072, 0.5404, 0.5814, 0.6012, 0.6010, 0.5621, 0.4743, 0.5750, 0.5533, 0.5439, 0.5537, 0.5015]
Val_Loss: 0.549917, Val_Acc: 0.737864

Epoch #056, Train_Loss: [0.5772, 0.4830, 0.5417, 0.5667, 0.5938, 0.5723, 0.4983, 0.5287, 0.4949, 0.5162, 0.5535, 0.4836, 0.5569, 0.5384, 0.5971, 0.5450, 0.5642, 0.5347, 0.5138, 0.6503, 0.6254, 0.5921, 0.6022, 0.6586, 0.5909, 0.4839]
Val_Loss: 0.547886, Val_Acc: 0.752427
The current best model is saved in: ******** outputs/NCI109_Glo/model.pth *********

Epoch #057, Train_Loss: [0.5363, 0.6294, 0.4840, 0.5582, 0.5376, 0.6244, 0.5204, 0.5587, 0.5551, 0.5395, 0.5121, 0.5599, 0.5460, 0.5487, 0.5410, 0.5182, 0.5729, 0.5451, 0.5836, 0.5519, 0.5683, 0.5164, 0.5476, 0.5730, 0.5018, 0.5253]
Val_Loss: 0.543824, Val_Acc: 0.757282
The current best model is saved in: ******** outputs/NCI109_Glo/model.pth *********

Epoch #058, Train_Loss: [0.5432, 0.5685, 0.5685, 0.5142, 0.5397, 0.5699, 0.5006, 0.5917, 0.5700, 0.5376, 0.4729, 0.5285, 0.5526, 0.5401, 0.5663, 0.5629, 0.5387, 0.5628, 0.5742, 0.5538, 0.5228, 0.5875, 0.5589, 0.5471, 0.5206, 0.5834]
Val_Loss: 0.546747, Val_Acc: 0.733010

Epoch #059, Train_Loss: [0.5622, 0.6186, 0.5147, 0.4842, 0.5409, 0.6093, 0.6068, 0.4967, 0.5781, 0.5282, 0.5797, 0.5372, 0.5305, 0.5945, 0.4733, 0.5419, 0.5633, 0.5880, 0.5733, 0.6074, 0.6301, 0.4960, 0.5439, 0.5257, 0.5001, 0.4774]
Val_Loss: 0.542802, Val_Acc: 0.745146
The current best model is saved in: ******** outputs/NCI109_Glo/model.pth *********

Epoch #060, Train_Loss: [0.5601, 0.5832, 0.4933, 0.5903, 0.4689, 0.5011, 0.5501, 0.5594, 0.5468, 0.6044, 0.5178, 0.5018, 0.4559, 0.5059, 0.4772, 0.6534, 0.5741, 0.5288, 0.6254, 0.5720, 0.6286, 0.5612, 0.5538, 0.5853, 0.5021, 0.5531]
Val_Loss: 0.552807, Val_Acc: 0.737864

Epoch #061, Train_Loss: [0.6030, 0.5843, 0.5268, 0.5994, 0.5939, 0.5474, 0.5183, 0.5823, 0.5625, 0.5245, 0.5550, 0.5088, 0.5112, 0.6257, 0.5416, 0.5196, 0.5883, 0.4855, 0.5117, 0.5113, 0.5066, 0.6305, 0.4986, 0.5503, 0.5765, 0.5079]
Val_Loss: 0.540862, Val_Acc: 0.754854
The current best model is saved in: ******** outputs/NCI109_Glo/model.pth *********

Epoch #062, Train_Loss: [0.6145, 0.5932, 0.5377, 0.5327, 0.5354, 0.4525, 0.4802, 0.5429, 0.5757, 0.5625, 0.5131, 0.5255, 0.6011, 0.5808, 0.5640, 0.5123, 0.5463, 0.5641, 0.5269, 0.6379, 0.4734, 0.5128, 0.5504, 0.5545, 0.5024, 0.5919]
Val_Loss: 0.545271, Val_Acc: 0.754854

Epoch #063, Train_Loss: [0.5384, 0.4860, 0.5923, 0.5810, 0.6281, 0.5057, 0.5662, 0.5120, 0.5526, 0.5473, 0.5191, 0.5489, 0.6175, 0.6083, 0.5569, 0.4899, 0.5960, 0.5480, 0.5322, 0.5806, 0.5496, 0.5495, 0.4630, 0.6058, 0.4803, 0.5546]
Val_Loss: 0.553287, Val_Acc: 0.745146

Epoch #064, Train_Loss: [0.4984, 0.5633, 0.5362, 0.5865, 0.5711, 0.5320, 0.5297, 0.4728, 0.5096, 0.5492, 0.5447, 0.5367, 0.5134, 0.6214, 0.5434, 0.5163, 0.5362, 0.5660, 0.5323, 0.5261, 0.6655, 0.5470, 0.4758, 0.5553, 0.5347, 0.5880]
Val_Loss: 0.548457, Val_Acc: 0.742718

Epoch #065, Train_Loss: [0.4916, 0.4863, 0.4640, 0.5017, 0.5572, 0.6182, 0.5095, 0.5870, 0.5029, 0.5721, 0.5299, 0.5897, 0.5785, 0.5632, 0.5819, 0.5578, 0.5967, 0.5267, 0.5301, 0.5471, 0.5035, 0.5627, 0.6132, 0.4722, 0.5689, 0.5221]
Val_Loss: 0.542119, Val_Acc: 0.742718

Epoch #066, Train_Loss: [0.6045, 0.5608, 0.5648, 0.5652, 0.5523, 0.5540, 0.5346, 0.4846, 0.5442, 0.6296, 0.5537, 0.5090, 0.5373, 0.6068, 0.4798, 0.4866, 0.4227, 0.5920, 0.5585, 0.5881, 0.5083, 0.5839, 0.4252, 0.5310, 0.4645, 0.6309]
Val_Loss: 0.552561, Val_Acc: 0.742718

Epoch #067, Train_Loss: [0.5787, 0.4696, 0.5391, 0.4934, 0.5144, 0.5292, 0.5794, 0.4745, 0.5241, 0.5714, 0.5539, 0.5529, 0.5170, 0.5569, 0.5040, 0.5028, 0.5961, 0.5120, 0.5874, 0.5130, 0.5715, 0.5285, 0.5938, 0.5760, 0.5171, 0.5397]
Val_Loss: 0.559805, Val_Acc: 0.718447

Epoch #068, Train_Loss: [0.5330, 0.5426, 0.5860, 0.5623, 0.5149, 0.5480, 0.4853, 0.5087, 0.5860, 0.5249, 0.5685, 0.5731, 0.5755, 0.5557, 0.5145, 0.5388, 0.5569, 0.5069, 0.5442, 0.5898, 0.5911, 0.5169, 0.5441, 0.4548, 0.5049, 0.5579]
Val_Loss: 0.535150, Val_Acc: 0.762136
The current best model is saved in: ******** outputs/NCI109_Glo/model.pth *********

Epoch #069, Train_Loss: [0.5397, 0.5059, 0.5424, 0.5645, 0.4808, 0.4926, 0.5430, 0.5891, 0.5511, 0.5106, 0.5384, 0.5421, 0.5662, 0.5126, 0.6062, 0.6071, 0.5001, 0.5272, 0.5712, 0.4850, 0.5597, 0.5618, 0.5522, 0.5741, 0.5103, 0.5372]
Val_Loss: 0.543962, Val_Acc: 0.750000

Epoch #070, Train_Loss: [0.5529, 0.4905, 0.5828, 0.5469, 0.5974, 0.5682, 0.4801, 0.5222, 0.5704, 0.5364, 0.5027, 0.5359, 0.5364, 0.5073, 0.5801, 0.5159, 0.5614, 0.5007, 0.5077, 0.4969, 0.5500, 0.5204, 0.5470, 0.5987, 0.5375, 0.5196]
Val_Loss: 0.535826, Val_Acc: 0.742718

Epoch #071, Train_Loss: [0.5545, 0.5420, 0.5191, 0.5712, 0.4523, 0.5248, 0.5602, 0.5104, 0.4956, 0.5712, 0.5478, 0.5088, 0.4944, 0.5207, 0.6015, 0.5614, 0.5620, 0.5748, 0.5318, 0.4911, 0.4723, 0.5848, 0.6077, 0.5524, 0.5272, 0.5564]
Val_Loss: 0.548173, Val_Acc: 0.750000

Epoch #072, Train_Loss: [0.4940, 0.5421, 0.4548, 0.5393, 0.5670, 0.4993, 0.6159, 0.5143, 0.5473, 0.6455, 0.5522, 0.5607, 0.4980, 0.5483, 0.5568, 0.5549, 0.6139, 0.5409, 0.5196, 0.5019, 0.5619, 0.4606, 0.5554, 0.5291, 0.5077, 0.5038]
Val_Loss: 0.536758, Val_Acc: 0.750000

Epoch #073, Train_Loss: [0.5658, 0.5193, 0.5113, 0.5397, 0.5685, 0.4955, 0.4976, 0.4981, 0.5305, 0.4627, 0.5948, 0.6461, 0.5822, 0.5106, 0.4793, 0.5630, 0.5090, 0.6031, 0.4982, 0.5351, 0.5348, 0.5676, 0.5680, 0.5522, 0.5907, 0.5283]
Val_Loss: 0.545129, Val_Acc: 0.730583

Epoch #074, Train_Loss: [0.4777, 0.5269, 0.5629, 0.5353, 0.5440, 0.5590, 0.5712, 0.6173, 0.5324, 0.5555, 0.5096, 0.5759, 0.5135, 0.5455, 0.5495, 0.5409, 0.5187, 0.5306, 0.5537, 0.5323, 0.5990, 0.5760, 0.5714, 0.4721, 0.5023, 0.5006]
Val_Loss: 0.537048, Val_Acc: 0.742718

Epoch #075, Train_Loss: [0.5692, 0.5000, 0.5238, 0.5771, 0.4953, 0.6528, 0.5651, 0.5249, 0.5279, 0.4439, 0.5729, 0.5478, 0.5137, 0.5836, 0.5058, 0.4900, 0.5220, 0.5307, 0.5316, 0.5628, 0.4499, 0.6134, 0.5717, 0.4727, 0.4680, 0.5370]
Val_Loss: 0.538137, Val_Acc: 0.745146

Epoch #076, Train_Loss: [0.4992, 0.5127, 0.5135, 0.5415, 0.5027, 0.5334, 0.5351, 0.4712, 0.5278, 0.5618, 0.5070, 0.5268, 0.6668, 0.5593, 0.4783, 0.5175, 0.5932, 0.5847, 0.5392, 0.5647, 0.6278, 0.5459, 0.5283, 0.5007, 0.5006, 0.5011]
Val_Loss: 0.536473, Val_Acc: 0.740291

Epoch #077, Train_Loss: [0.5097, 0.5627, 0.5302, 0.5263, 0.4495, 0.5536, 0.4793, 0.4249, 0.5043, 0.6387, 0.5503, 0.5037, 0.5319, 0.5389, 0.4409, 0.6042, 0.5829, 0.5349, 0.4913, 0.5375, 0.5165, 0.5766, 0.5198, 0.5241, 0.5680, 0.5646]
Val_Loss: 0.541946, Val_Acc: 0.728155

Epoch #078, Train_Loss: [0.5047, 0.5050, 0.5322, 0.5160, 0.5373, 0.6187, 0.5377, 0.5528, 0.5380, 0.5820, 0.6100, 0.5841, 0.5727, 0.5112, 0.4840, 0.5418, 0.5059, 0.4416, 0.4852, 0.5627, 0.4809, 0.5272, 0.5184, 0.5541, 0.4630, 0.5472]
Val_Loss: 0.542573, Val_Acc: 0.750000

Epoch #079, Train_Loss: [0.5525, 0.5079, 0.5017, 0.5247, 0.6186, 0.5510, 0.4710, 0.5340, 0.5122, 0.4817, 0.6017, 0.5376, 0.5859, 0.5467, 0.5382, 0.5869, 0.5515, 0.5002, 0.5466, 0.4633, 0.5694, 0.5553, 0.5628, 0.5186, 0.5359, 0.5131]
Val_Loss: 0.531795, Val_Acc: 0.757282
The current best model is saved in: ******** outputs/NCI109_Glo/model.pth *********

Epoch #080, Train_Loss: [0.5496, 0.5564, 0.5347, 0.4744, 0.5227, 0.4990, 0.5988, 0.5470, 0.4724, 0.4623, 0.5692, 0.4610, 0.5577, 0.5570, 0.5599, 0.5758, 0.5315, 0.5883, 0.5347, 0.5411, 0.4867, 0.5238, 0.5192, 0.5344, 0.5105, 0.5033]
Val_Loss: 0.554646, Val_Acc: 0.728155

Epoch #081, Train_Loss: [0.4785, 0.6306, 0.4828, 0.4738, 0.5130, 0.5210, 0.5225, 0.4630, 0.5991, 0.5162, 0.5094, 0.5102, 0.5884, 0.4853, 0.5746, 0.5418, 0.5089, 0.5219, 0.5644, 0.5469, 0.5666, 0.5609, 0.5520, 0.5293, 0.5526, 0.5268]
Val_Loss: 0.540565, Val_Acc: 0.733010

Epoch #082, Train_Loss: [0.5302, 0.5745, 0.5112, 0.4839, 0.4859, 0.4432, 0.5566, 0.5336, 0.5615, 0.4859, 0.5478, 0.5141, 0.4947, 0.4518, 0.4301, 0.5752, 0.4945, 0.5442, 0.5333, 0.4949, 0.5335, 0.5857, 0.5028, 0.5898, 0.5675, 0.6517]
Val_Loss: 0.529141, Val_Acc: 0.757282
The current best model is saved in: ******** outputs/NCI109_Glo/model.pth *********

Epoch #083, Train_Loss: [0.5159, 0.4869, 0.5582, 0.5346, 0.5216, 0.5395, 0.5372, 0.5821, 0.5357, 0.5452, 0.5119, 0.4694, 0.5035, 0.5429, 0.5766, 0.5611, 0.4717, 0.5039, 0.5693, 0.6277, 0.5522, 0.4738, 0.4770, 0.5307, 0.5936, 0.5008]
Val_Loss: 0.555678, Val_Acc: 0.723301

Epoch #084, Train_Loss: [0.5354, 0.4729, 0.5058, 0.5202, 0.4828, 0.5417, 0.5477, 0.5906, 0.5398, 0.5763, 0.4796, 0.5302, 0.4936, 0.4753, 0.5907, 0.5555, 0.5508, 0.5499, 0.5033, 0.5455, 0.5856, 0.5550, 0.5853, 0.5138, 0.4557, 0.4988]
Val_Loss: 0.534252, Val_Acc: 0.742718

Epoch #085, Train_Loss: [0.4537, 0.5808, 0.5666, 0.5406, 0.6076, 0.5268, 0.5289, 0.4408, 0.4658, 0.5355, 0.4990, 0.5792, 0.5027, 0.5432, 0.5249, 0.4753, 0.4774, 0.4931, 0.4833, 0.4853, 0.6016, 0.5496, 0.5159, 0.4559, 0.5559, 0.6095]
Val_Loss: 0.531335, Val_Acc: 0.747573

Epoch #086, Train_Loss: [0.5111, 0.5624, 0.5297, 0.5109, 0.4988, 0.5533, 0.5450, 0.5119, 0.4974, 0.5838, 0.5931, 0.4800, 0.5126, 0.5482, 0.4977, 0.5011, 0.5331, 0.4771, 0.5092, 0.5333, 0.5640, 0.5245, 0.5146, 0.5662, 0.4676, 0.5009]
Val_Loss: 0.550012, Val_Acc: 0.716019

Epoch #087, Train_Loss: [0.5844, 0.5915, 0.4867, 0.6187, 0.5481, 0.4990, 0.5048, 0.4795, 0.4797, 0.5171, 0.5526, 0.5242, 0.5426, 0.5249, 0.5373, 0.5178, 0.4612, 0.5332, 0.6284, 0.5260, 0.4976, 0.5428, 0.5176, 0.5388, 0.5194, 0.4845]
Val_Loss: 0.529801, Val_Acc: 0.752427

Epoch #088, Train_Loss: [0.5667, 0.5331, 0.4669, 0.4850, 0.4871, 0.6325, 0.4816, 0.5040, 0.5595, 0.5040, 0.5420, 0.5500, 0.5721, 0.5464, 0.5269, 0.5344, 0.4508, 0.5054, 0.4899, 0.5012, 0.4707, 0.4982, 0.5357, 0.5447, 0.5949, 0.5883]
Val_Loss: 0.543071, Val_Acc: 0.730583

Epoch #089, Train_Loss: [0.5771, 0.5523, 0.4836, 0.5373, 0.5247, 0.4891, 0.5224, 0.5161, 0.5456, 0.5209, 0.5314, 0.5069, 0.4965, 0.5689, 0.5262, 0.5386, 0.5147, 0.5054, 0.5244, 0.5305, 0.4908, 0.5048, 0.4708, 0.5624, 0.4613, 0.4931]
Val_Loss: 0.525581, Val_Acc: 0.754854
The current best model is saved in: ******** outputs/NCI109_Glo/model.pth *********

Epoch #090, Train_Loss: [0.4839, 0.5213, 0.4991, 0.4299, 0.4656, 0.5292, 0.4574, 0.4777, 0.5151, 0.4684, 0.5842, 0.5397, 0.5094, 0.5493, 0.4913, 0.5787, 0.5717, 0.5849, 0.5192, 0.5068, 0.4512, 0.5034, 0.5165, 0.5995, 0.5445, 0.5845]
Val_Loss: 0.532064, Val_Acc: 0.745146

Epoch #091, Train_Loss: [0.4956, 0.5668, 0.5098, 0.4918, 0.5375, 0.5225, 0.5155, 0.5424, 0.4258, 0.5099, 0.5271, 0.5109, 0.4950, 0.4837, 0.5977, 0.4575, 0.5593, 0.5669, 0.5103, 0.5310, 0.5350, 0.4520, 0.4997, 0.5350, 0.5596, 0.5288]
Val_Loss: 0.533871, Val_Acc: 0.779126

Epoch #092, Train_Loss: [0.4992, 0.5229, 0.5380, 0.4894, 0.5684, 0.4717, 0.5919, 0.5127, 0.4763, 0.5082, 0.5234, 0.5940, 0.5143, 0.5561, 0.5900, 0.5673, 0.4971, 0.5589, 0.5015, 0.5279, 0.5027, 0.5941, 0.4895, 0.4835, 0.5923, 0.5095]
Val_Loss: 0.530347, Val_Acc: 0.757282

Epoch #093, Train_Loss: [0.5744, 0.4857, 0.4564, 0.6046, 0.4765, 0.5031, 0.5651, 0.5205, 0.5356, 0.5156, 0.5415, 0.5089, 0.5024, 0.5043, 0.5456, 0.4758, 0.5092, 0.6010, 0.4833, 0.4546, 0.5522, 0.5081, 0.4772, 0.5296, 0.5663, 0.4928]
Val_Loss: 0.525974, Val_Acc: 0.759709

Epoch #094, Train_Loss: [0.4834, 0.5251, 0.5102, 0.4788, 0.4855, 0.5624, 0.5696, 0.4297, 0.5159, 0.5224, 0.5842, 0.5738, 0.5494, 0.5889, 0.4995, 0.4892, 0.5671, 0.5934, 0.5607, 0.5391, 0.4995, 0.5770, 0.5252, 0.5407, 0.5396, 0.4634]
Val_Loss: 0.535229, Val_Acc: 0.747573

Epoch #095, Train_Loss: [0.5778, 0.5195, 0.5484, 0.5234, 0.5403, 0.4763, 0.4621, 0.5196, 0.5148, 0.6092, 0.5777, 0.5409, 0.4596, 0.4893, 0.4896, 0.5095, 0.5797, 0.6018, 0.5539, 0.5805, 0.6628, 0.4292, 0.4422, 0.5542, 0.5384, 0.5728]
Val_Loss: 0.533004, Val_Acc: 0.740291

Epoch #096, Train_Loss: [0.5657, 0.5650, 0.5108, 0.4739, 0.4752, 0.4743, 0.5204, 0.4430, 0.5461, 0.5586, 0.4899, 0.4637, 0.4753, 0.5550, 0.4886, 0.5378, 0.5451, 0.5300, 0.6631, 0.5536, 0.5081, 0.5017, 0.5049, 0.4763, 0.5125, 0.4584]
Val_Loss: 0.533199, Val_Acc: 0.740291

Epoch #097, Train_Loss: [0.4782, 0.4450, 0.4938, 0.4727, 0.4771, 0.6527, 0.4921, 0.5028, 0.4880, 0.4418, 0.5034, 0.5321, 0.5178, 0.5642, 0.5565, 0.5247, 0.5289, 0.5851, 0.5257, 0.5034, 0.5245, 0.4929, 0.4670, 0.5040, 0.4812, 0.5377]
Val_Loss: 0.527533, Val_Acc: 0.745146

Epoch #098, Train_Loss: [0.5167, 0.4840, 0.5412, 0.5270, 0.4750, 0.4902, 0.4531, 0.4700, 0.5160, 0.4776, 0.4818, 0.5552, 0.5423, 0.5014, 0.5106, 0.5049, 0.5501, 0.5670, 0.4403, 0.5892, 0.5265, 0.5251, 0.5215, 0.5396, 0.5228, 0.5102]
Val_Loss: 0.538234, Val_Acc: 0.754854

Epoch #099, Train_Loss: [0.5581, 0.5705, 0.5016, 0.5256, 0.5509, 0.5445, 0.5367, 0.4851, 0.4920, 0.4761, 0.5072, 0.5682, 0.5680, 0.4854, 0.5200, 0.4841, 0.4833, 0.4757, 0.4705, 0.5439, 0.5320, 0.5716, 0.5148, 0.5715, 0.4658, 0.4362]
Val_Loss: 0.545501, Val_Acc: 0.745146

Epoch #100, Train_Loss: [0.4728, 0.5128, 0.5396, 0.4754, 0.5126, 0.5580, 0.5088, 0.5092, 0.4831, 0.5170, 0.5620, 0.4783, 0.4862, 0.5250, 0.5084, 0.5218, 0.4933, 0.5198, 0.5171, 0.4826, 0.5085, 0.4766, 0.5169, 0.5468, 0.4718, 0.4390]
Val_Loss: 0.528982, Val_Acc: 0.747573

Epoch #101, Train_Loss: [0.4673, 0.4569, 0.4424, 0.4993, 0.5647, 0.4610, 0.4752, 0.5377, 0.5575, 0.5314, 0.5463, 0.4982, 0.5119, 0.4265, 0.5611, 0.5845, 0.5793, 0.4592, 0.5747, 0.5652, 0.5746, 0.5033, 0.4613, 0.5870, 0.5259, 0.4842]
Val_Loss: 0.525317, Val_Acc: 0.747573
The current best model is saved in: ******** outputs/NCI109_Glo/model.pth *********

Epoch #102, Train_Loss: [0.4934, 0.4665, 0.5422, 0.6153, 0.4766, 0.5833, 0.5162, 0.4687, 0.4914, 0.5611, 0.5127, 0.4984, 0.4378, 0.5201, 0.5016, 0.4863, 0.4828, 0.4940, 0.6013, 0.5275, 0.5382, 0.4940, 0.6034, 0.4574, 0.5439, 0.4719]
Val_Loss: 0.527275, Val_Acc: 0.745146

Epoch #103, Train_Loss: [0.4711, 0.5478, 0.5224, 0.4873, 0.5693, 0.5324, 0.4796, 0.5086, 0.5686, 0.4950, 0.4431, 0.5064, 0.5413, 0.5157, 0.4620, 0.4851, 0.4519, 0.5816, 0.5519, 0.4902, 0.4851, 0.4912, 0.5340, 0.5458, 0.5649, 0.5818]
Val_Loss: 0.527563, Val_Acc: 0.742718

Epoch #104, Train_Loss: [0.5302, 0.5558, 0.5099, 0.5394, 0.5092, 0.5015, 0.4889, 0.4797, 0.5529, 0.4387, 0.5328, 0.4788, 0.5609, 0.5476, 0.5041, 0.4920, 0.4470, 0.4979, 0.4357, 0.4567, 0.5321, 0.6013, 0.5902, 0.5607, 0.4791, 0.4479]
Val_Loss: 0.533567, Val_Acc: 0.730583

Epoch #105, Train_Loss: [0.4568, 0.4956, 0.5044, 0.5412, 0.4355, 0.5317, 0.5289, 0.5425, 0.5278, 0.5090, 0.4769, 0.4842, 0.4559, 0.4497, 0.5731, 0.5444, 0.5611, 0.4676, 0.5455, 0.5363, 0.5336, 0.5819, 0.4962, 0.5213, 0.5141, 0.5300]
Val_Loss: 0.539442, Val_Acc: 0.757282

Epoch #106, Train_Loss: [0.4215, 0.5025, 0.4951, 0.5669, 0.4977, 0.5036, 0.5299, 0.5127, 0.4351, 0.4655, 0.4848, 0.5749, 0.5471, 0.5279, 0.5287, 0.5122, 0.6487, 0.5295, 0.5303, 0.5742, 0.5996, 0.4828, 0.5977, 0.5360, 0.5416, 0.4871]
Val_Loss: 0.534936, Val_Acc: 0.754854

Epoch #107, Train_Loss: [0.4822, 0.4941, 0.4203, 0.4664, 0.5575, 0.5769, 0.5682, 0.4876, 0.4640, 0.5299, 0.5994, 0.4907, 0.5609, 0.5224, 0.5013, 0.4891, 0.5515, 0.5912, 0.5002, 0.4402, 0.5570, 0.5477, 0.5415, 0.4706, 0.5318, 0.5575]
Val_Loss: 0.527392, Val_Acc: 0.750000

Epoch #108, Train_Loss: [0.4827, 0.4851, 0.4812, 0.4882, 0.5095, 0.5356, 0.4968, 0.4838, 0.5522, 0.4940, 0.4374, 0.4664, 0.4906, 0.5469, 0.5996, 0.4786, 0.5267, 0.5643, 0.5305, 0.5035, 0.4942, 0.4694, 0.5691, 0.4986, 0.4552, 0.5169]
Val_Loss: 0.545461, Val_Acc: 0.730583

Epoch #109, Train_Loss: [0.4906, 0.5072, 0.4573, 0.5205, 0.5572, 0.5847, 0.5155, 0.6145, 0.4943, 0.5032, 0.5755, 0.4911, 0.5123, 0.4572, 0.5205, 0.5587, 0.6429, 0.4316, 0.4453, 0.4802, 0.5192, 0.5252, 0.4820, 0.5388, 0.4804, 0.5935]
Val_Loss: 0.527260, Val_Acc: 0.750000

Epoch #110, Train_Loss: [0.4503, 0.4200, 0.4631, 0.4882, 0.5836, 0.5242, 0.5675, 0.5018, 0.5483, 0.5887, 0.5278, 0.5190, 0.5617, 0.4874, 0.4934, 0.5079, 0.5216, 0.4859, 0.4101, 0.5834, 0.4776, 0.5835, 0.5156, 0.4915, 0.5021, 0.5037]
Val_Loss: 0.530689, Val_Acc: 0.750000

Epoch #111, Train_Loss: [0.5744, 0.5047, 0.5115, 0.5154, 0.5498, 0.4775, 0.4539, 0.5287, 0.4809, 0.5192, 0.5021, 0.4789, 0.5499, 0.4781, 0.4844, 0.5512, 0.4785, 0.5599, 0.5276, 0.5844, 0.5110, 0.4815, 0.5294, 0.4656, 0.5476, 0.4336]
Val_Loss: 0.538766, Val_Acc: 0.735437

Epoch #112, Train_Loss: [0.5349, 0.5551, 0.5250, 0.4650, 0.4211, 0.4228, 0.5019, 0.5666, 0.4658, 0.4529, 0.5395, 0.4785, 0.5796, 0.5203, 0.5711, 0.4839, 0.5259, 0.5431, 0.6102, 0.4960, 0.4586, 0.5131, 0.4575, 0.5530, 0.5257, 0.4908]
Val_Loss: 0.526692, Val_Acc: 0.752427

Epoch #113, Train_Loss: [0.5503, 0.4882, 0.5306, 0.4766, 0.5570, 0.4606, 0.4783, 0.4332, 0.4772, 0.5410, 0.4629, 0.5057, 0.3747, 0.5400, 0.4565, 0.5156, 0.5762, 0.5329, 0.5431, 0.4968, 0.5875, 0.5307, 0.5239, 0.5231, 0.5058, 0.5847]
Val_Loss: 0.536432, Val_Acc: 0.759709

Epoch #114, Train_Loss: [0.4787, 0.4851, 0.4926, 0.4756, 0.5707, 0.5328, 0.5628, 0.5062, 0.4985, 0.4834, 0.5046, 0.4584, 0.4457, 0.5255, 0.5435, 0.5025, 0.5572, 0.5511, 0.4947, 0.5579, 0.5145, 0.4263, 0.5050, 0.5171, 0.5363, 0.4875]
Val_Loss: 0.536968, Val_Acc: 0.745146

Epoch #115, Train_Loss: [0.4771, 0.5109, 0.4485, 0.5150, 0.5149, 0.4679, 0.5953, 0.4339, 0.5158, 0.4712, 0.5174, 0.4184, 0.5794, 0.4873, 0.5732, 0.4812, 0.5651, 0.5091, 0.4631, 0.5448, 0.5373, 0.5127, 0.5768, 0.4895, 0.5333, 0.5142]
Val_Loss: 0.520773, Val_Acc: 0.752427
The current best model is saved in: ******** outputs/NCI109_Glo/model.pth *********

Epoch #116, Train_Loss: [0.4870, 0.4765, 0.4916, 0.5879, 0.4949, 0.4135, 0.5126, 0.5924, 0.5588, 0.5574, 0.5671, 0.4608, 0.4866, 0.4638, 0.4259, 0.5312, 0.4819, 0.4363, 0.5150, 0.5412, 0.5102, 0.4987, 0.4908, 0.5229, 0.4560, 0.5504]
Val_Loss: 0.521706, Val_Acc: 0.764563

Epoch #117, Train_Loss: [0.4612, 0.5787, 0.4821, 0.4688, 0.4945, 0.5235, 0.4868, 0.5075, 0.4630, 0.4750, 0.4784, 0.5582, 0.6464, 0.5212, 0.4979, 0.4582, 0.5585, 0.5493, 0.5671, 0.4808, 0.5371, 0.5194, 0.5462, 0.5557, 0.4966, 0.4573]
Val_Loss: 0.527921, Val_Acc: 0.754854

Epoch #118, Train_Loss: [0.5290, 0.5432, 0.4647, 0.4133, 1.1974, 0.5282, 0.5727, 0.5293, 0.4662, 0.5687, 0.4868, 0.5071, 0.5033, 0.5403, 0.5306, 0.5451, 0.5949, 0.5020, 0.5458, 0.4945, 0.5061, 0.5681, 0.5037, 0.5235, 0.5667, 0.5572]
Val_Loss: 0.518088, Val_Acc: 0.754854
The current best model is saved in: ******** outputs/NCI109_Glo/model.pth *********

Epoch #119, Train_Loss: [0.5013, 0.4861, 0.5025, 0.5495, 0.4821, 0.4659, 0.5578, 0.5292, 0.5319, 0.5532, 0.4483, 0.5035, 0.4968, 0.4770, 0.5414, 0.4634, 0.5044, 0.5131, 0.5381, 0.5170, 0.4121, 0.5333, 0.5892, 0.4270, 0.4970, 0.5128]
Val_Loss: 0.532033, Val_Acc: 0.752427

Epoch #120, Train_Loss: [0.5195, 0.4928, 0.4650, 0.5431, 0.4125, 0.5585, 0.5094, 0.5189, 0.5317, 0.4947, 0.4722, 0.6139, 0.3941, 0.5105, 0.5089, 0.4863, 0.5104, 0.5570, 0.4827, 0.5331, 0.4252, 0.5127, 0.5359, 0.4807, 0.5937, 0.4929]
Val_Loss: 0.539702, Val_Acc: 0.754854

Epoch #121, Train_Loss: [0.5721, 0.5272, 0.5280, 0.4921, 0.4598, 0.4966, 0.4975, 0.5804, 0.5575, 0.4120, 0.4809, 0.4567, 0.4933, 0.4701, 0.4709, 0.4834, 0.5558, 0.4104, 0.5387, 0.5368, 0.5149, 0.5008, 0.5092, 0.4957, 0.4941, 0.5225]
Val_Loss: 0.538332, Val_Acc: 0.759709

Epoch #122, Train_Loss: [0.4363, 0.5470, 0.6077, 0.4795, 0.5104, 0.5127, 0.6396, 0.5202, 0.5346, 0.4846, 0.4347, 0.5514, 0.5518, 0.4996, 0.4442, 0.5049, 0.5141, 0.5850, 0.4520, 0.4532, 0.4509, 0.5382, 0.5020, 0.5584, 0.5392, 0.5784]
Val_Loss: 0.534055, Val_Acc: 0.764563

Epoch #123, Train_Loss: [0.5332, 0.5665, 0.4880, 0.4403, 0.5023, 0.5781, 0.5273, 0.4941, 0.5401, 0.4563, 0.5438, 0.4752, 0.5315, 0.5283, 0.4986, 0.4482, 0.5331, 0.5520, 0.4318, 0.5380, 0.4324, 0.5142, 0.6203, 0.4856, 0.4223, 0.5415]
Val_Loss: 0.528762, Val_Acc: 0.750000

Epoch #124, Train_Loss: [0.5001, 0.4693, 0.5082, 0.5464, 0.5533, 0.3892, 0.4766, 0.4592, 0.5195, 0.5114, 0.4552, 0.4621, 0.4928, 0.5962, 0.5018, 0.4634, 0.5103, 0.4662, 0.4504, 0.5427, 0.4799, 0.6005, 0.5162, 0.5189, 0.5177, 0.5146]
Val_Loss: 0.524620, Val_Acc: 0.737864

Epoch #125, Train_Loss: [0.4656, 0.5593, 0.4477, 0.4545, 0.5388, 0.5574, 0.5060, 0.4334, 0.4333, 0.5484, 0.5695, 0.5276, 0.4535, 0.5084, 0.5265, 0.5648, 0.5183, 0.5586, 0.5184, 0.5235, 0.4874, 0.4730, 0.5134, 0.4573, 0.4550, 0.3923]
Val_Loss: 0.521047, Val_Acc: 0.747573

Epoch #126, Train_Loss: [0.4018, 0.4159, 0.5327, 0.4891, 0.4686, 0.5900, 0.4223, 0.4273, 0.5425, 0.5348, 0.5240, 0.4852, 0.5491, 0.4707, 0.4949, 0.5145, 0.5330, 0.5022, 0.5146, 0.5082, 0.4377, 0.5005, 0.5339, 0.5183, 0.5678, 0.5774]
Val_Loss: 0.527240, Val_Acc: 0.752427

Epoch #127, Train_Loss: [0.5388, 0.5013, 0.5261, 0.5043, 0.5403, 0.5065, 0.4637, 0.5677, 0.4455, 0.4719, 0.5115, 0.5151, 0.4411, 0.5261, 0.5520, 0.4925, 0.4824, 0.4663, 0.4111, 0.5318, 0.5565, 0.4437, 0.5093, 0.4792, 0.4708, 0.4708]
Val_Loss: 0.551125, Val_Acc: 0.750000

Epoch #128, Train_Loss: [0.5147, 0.5209, 0.5189, 0.4471, 0.5068, 0.4757, 0.5309, 0.5089, 0.5024, 0.4871, 0.5243, 0.4564, 0.5757, 0.5590, 0.4215, 0.4257, 0.4545, 0.4264, 0.5172, 0.5056, 0.5191, 0.4178, 0.6526, 0.5401, 0.4375, 0.5218]
Val_Loss: 0.535997, Val_Acc: 0.742718

Epoch #129, Train_Loss: [0.5541, 0.4573, 0.6147, 0.4948, 0.4871, 0.5066, 0.5230, 0.5338, 0.4844, 0.5240, 0.4538, 0.4699, 0.4689, 0.5391, 0.4857, 0.4779, 0.4197, 0.4835, 0.4993, 0.4863, 0.5437, 0.5289, 0.4392, 0.4526, 0.5486, 0.4478]
Val_Loss: 0.530267, Val_Acc: 0.747573

Epoch #130, Train_Loss: [0.4961, 0.5862, 0.4880, 0.4612, 0.4073, 0.4180, 0.4558, 0.5754, 0.5381, 0.5079, 0.4778, 0.4969, 0.4371, 0.5411, 0.4606, 0.5020, 0.4719, 0.5756, 0.4949, 0.4754, 0.5614, 0.5253, 0.5605, 0.5037, 0.5294, 0.4798]
Val_Loss: 0.557725, Val_Acc: 0.723301

Epoch #131, Train_Loss: [0.6147, 0.5878, 0.5061, 0.4671, 0.4789, 0.5342, 0.5589, 0.4856, 0.4731, 0.4677, 0.4736, 0.4359, 0.4994, 0.5117, 0.5011, 0.4984, 0.5180, 0.5021, 0.5665, 0.4915, 0.5188, 0.4792, 0.4632, 0.5174, 0.5712, 0.4939]
Val_Loss: 0.535140, Val_Acc: 0.733010

Epoch #132, Train_Loss: [0.5025, 0.5228, 0.4797, 0.4623, 0.5074, 0.5249, 0.4786, 0.4586, 0.4736, 0.4730, 0.5027, 0.4981, 0.4254, 0.4732, 0.4872, 0.5263, 0.5515, 0.5084, 0.5135, 0.5258, 0.5125, 0.4996, 0.5308, 0.5320, 0.4978, 0.6069]
Val_Loss: 0.528944, Val_Acc: 0.752427

Epoch #133, Train_Loss: [0.5985, 0.5061, 0.4672, 0.5698, 0.5017, 0.5796, 0.5056, 0.4767, 0.5064, 0.4733, 0.4952, 0.5099, 0.4519, 0.5055, 0.5230, 0.4755, 0.4993, 0.4274, 0.4767, 0.5240, 0.5018, 0.5136, 0.4632, 0.5229, 0.4634, 0.5676]
Val_Loss: 0.513228, Val_Acc: 0.759709
The current best model is saved in: ******** outputs/NCI109_Glo/model.pth *********

Epoch #134, Train_Loss: [0.5145, 0.5019, 0.4913, 0.4854, 0.5096, 0.4472, 0.5233, 0.5189, 0.5302, 0.4236, 0.4226, 0.5659, 0.4181, 0.5055, 0.5340, 0.5669, 0.5313, 0.4656, 0.5102, 0.5025, 0.4500, 0.4298, 0.5345, 0.5515, 0.5267, 0.4757]
Val_Loss: 0.530418, Val_Acc: 0.745146

Epoch #135, Train_Loss: [0.5415, 0.5160, 0.4405, 0.4906, 0.4923, 0.4944, 0.5204, 0.4170, 0.5573, 0.5537, 0.4845, 0.4387, 0.4320, 0.5519, 0.5201, 0.4449, 0.5183, 0.4532, 0.4945, 0.4439, 0.4820, 0.5340, 0.5197, 0.4474, 0.4860, 0.5296]
Val_Loss: 0.521385, Val_Acc: 0.745146

Epoch #136, Train_Loss: [0.4769, 0.5192, 0.4718, 0.5291, 0.4526, 0.5410, 0.4676, 0.4563, 0.5147, 0.5007, 0.5141, 0.5168, 0.4123, 0.5149, 0.5018, 0.4479, 0.4818, 0.4940, 0.4549, 0.4848, 0.4905, 0.4660, 0.5235, 0.4346, 0.5541, 0.5316]
Val_Loss: 0.521188, Val_Acc: 0.757282

Epoch #137, Train_Loss: [0.4546, 0.4661, 0.5038, 0.4738, 0.5292, 0.4949, 0.5206, 0.4764, 0.4650, 0.4959, 0.5244, 0.4823, 0.4336, 0.4665, 0.4611, 0.4738, 0.4588, 0.5757, 0.4798, 0.4990, 0.4469, 0.5415, 0.5047, 0.4799, 0.5980, 0.4540]
Val_Loss: 0.513844, Val_Acc: 0.764563

Epoch #138, Train_Loss: [0.5568, 0.5103, 0.4610, 0.5109, 0.4335, 0.5480, 0.5229, 0.3835, 0.4303, 0.5137, 0.4784, 0.5340, 0.4431, 0.4270, 0.5628, 0.5446, 0.5318, 0.4459, 0.4930, 0.5074, 0.4796, 0.4827, 0.4890, 0.5643, 0.4820, 0.4537]
Val_Loss: 0.528790, Val_Acc: 0.754854

Epoch #139, Train_Loss: [0.4715, 0.4619, 0.5178, 0.5490, 0.4363, 0.4744, 0.4576, 0.4238, 0.4632, 0.5191, 0.3873, 0.4527, 0.5573, 0.4976, 0.4600, 0.5203, 0.5272, 0.4596, 0.5778, 0.4854, 0.4370, 0.5292, 0.5340, 0.5527, 0.5779, 0.5340]
Val_Loss: 0.526289, Val_Acc: 0.747573

Epoch #140, Train_Loss: [0.4662, 0.4972, 0.4641, 0.4577, 0.4187, 0.4987, 0.4941, 0.4925, 0.5009, 0.4420, 0.4540, 0.3724, 0.4896, 0.5473, 0.5107, 0.4774, 0.5306, 0.5756, 0.5099, 0.5138, 0.6523, 0.4922, 0.4498, 0.5356, 0.5463, 0.4242]
Val_Loss: 0.516087, Val_Acc: 0.745146

Epoch #141, Train_Loss: [0.5490, 0.4628, 0.4224, 0.5478, 0.5027, 0.4327, 0.4570, 0.5674, 0.5068, 0.4463, 0.4679, 0.5162, 0.5178, 0.4572, 0.5249, 0.4810, 0.3835, 0.4716, 0.5488, 0.4979, 0.5423, 0.5584, 0.5005, 0.4537, 0.4919, 0.5211]
Val_Loss: 0.541077, Val_Acc: 0.745146

Epoch #142, Train_Loss: [0.4633, 0.4694, 0.5068, 0.4548, 0.4974, 0.4565, 0.4786, 0.3901, 0.5023, 0.4684, 0.4991, 0.5215, 0.4566, 0.5075, 0.5545, 0.6241, 0.5058, 0.6248, 0.4492, 0.5870, 0.5226, 0.4942, 0.4632, 0.4980, 0.4475, 0.4471]
Val_Loss: 0.527020, Val_Acc: 0.740291

Epoch #143, Train_Loss: [0.4414, 0.4811, 0.4314, 0.4372, 0.4791, 0.4649, 0.5578, 0.5444, 0.4755, 0.5269, 0.5766, 0.4791, 0.4296, 0.4465, 0.6183, 0.4810, 0.4824, 0.5131, 0.5491, 0.4765, 0.5414, 0.4603, 0.5036, 0.5337, 0.5194, 0.4440]
Val_Loss: 0.531593, Val_Acc: 0.754854

Epoch #144, Train_Loss: [0.4330, 0.5388, 0.4738, 0.4786, 0.5047, 0.4748, 0.4144, 0.5273, 0.4746, 0.4395, 0.5224, 0.4905, 0.5312, 0.4113, 0.5338, 0.5755, 0.5301, 0.5840, 0.5253, 0.4082, 0.4963, 0.4516, 0.5316, 0.4833, 0.4298, 0.5048]
Val_Loss: 0.515004, Val_Acc: 0.771845

Epoch #145, Train_Loss: [0.4528, 0.4364, 0.4312, 0.5101, 0.3828, 0.5791, 0.4444, 0.5698, 0.5746, 0.4312, 0.5343, 0.5757, 0.4996, 0.4459, 0.5217, 0.4812, 0.4730, 0.5435, 0.4130, 0.4517, 0.4738, 0.4760, 0.4933, 0.4227, 0.5729, 0.4614]
Val_Loss: 0.521923, Val_Acc: 0.762136

Epoch #146, Train_Loss: [0.5129, 0.4948, 0.5301, 0.4801, 0.4783, 0.4704, 0.5040, 0.5373, 0.4918, 0.4528, 0.4643, 0.4717, 0.4432, 0.5336, 0.5187, 0.3920, 0.4728, 0.4747, 0.5040, 0.5426, 0.5035, 0.5047, 0.4770, 0.5641, 0.4920, 0.5299]
Val_Loss: 0.514114, Val_Acc: 0.747573

Epoch #147, Train_Loss: [0.4119, 0.5310, 0.4764, 0.4705, 0.5263, 0.4473, 0.4480, 0.4734, 0.4875, 0.4729, 0.5474, 0.5501, 0.4553, 0.5091, 0.4838, 0.5196, 0.4843, 0.4611, 0.5359, 0.4925, 0.4999, 0.4515, 0.4503, 0.4828, 0.4357, 0.5441]
Val_Loss: 0.526541, Val_Acc: 0.757282

Epoch #148, Train_Loss: [0.4974, 0.4140, 0.5252, 0.5181, 0.4965, 0.4434, 0.5096, 0.4291, 0.4845, 0.5468, 0.5109, 0.5452, 0.4606, 0.4505, 0.5458, 0.4842, 0.4125, 0.4684, 0.5271, 0.4402, 0.5425, 0.5042, 0.4798, 0.4914, 0.4386, 0.5105]
Val_Loss: 0.519971, Val_Acc: 0.757282

Epoch #149, Train_Loss: [0.5253, 0.4563, 0.4773, 0.5118, 0.4941, 0.5353, 0.4726, 0.5073, 0.4990, 0.4440, 0.4602, 0.4896, 0.5004, 0.5137, 0.4345, 0.4221, 0.4796, 0.5136, 0.4770, 0.4925, 0.4886, 0.3120, 0.5613, 0.5363, 0.4859, 0.4782]
Val_Loss: 0.523475, Val_Acc: 0.774272

Epoch #150, Train_Loss: [0.4927, 0.5390, 0.5243, 0.4553, 0.4390, 0.5323, 0.5143, 0.5067, 0.5198, 0.4399, 0.4931, 0.4494, 0.4691, 0.4885, 0.5057, 0.4581, 0.4647, 0.4656, 0.4672, 0.5224, 0.4405, 0.5003, 0.5176, 0.4406, 0.4791, 0.5061]
Val_Loss: 0.531504, Val_Acc: 0.750000

Epoch #151, Train_Loss: [0.5560, 0.5344, 0.4983, 0.4803, 0.5101, 0.4702, 0.5366, 0.3978, 0.4969, 0.4377, 0.4469, 0.4654, 0.4152, 0.4832, 0.4318, 0.5231, 0.5111, 0.5384, 0.5183, 0.4149, 0.4555, 0.5032, 0.4913, 0.4979, 0.5181, 0.5149]
Val_Loss: 0.534860, Val_Acc: 0.750000

Epoch #152, Train_Loss: [0.4266, 0.4670, 0.4893, 0.4566, 0.5619, 0.4452, 0.4046, 0.4911, 0.4644, 0.4783, 0.5261, 0.5276, 0.4586, 0.4638, 0.4705, 0.5538, 0.5888, 0.5277, 0.4208, 0.4379, 0.4953, 0.4872, 0.4924, 0.5121, 0.5244, 0.4634]
Val_Loss: 0.529302, Val_Acc: 0.759709

Epoch #153, Train_Loss: [0.4543, 0.4934, 0.4971, 0.4277, 0.4692, 0.4255, 0.5097, 0.4670, 0.5384, 0.4634, 0.4755, 0.4322, 0.5260, 0.5587, 0.5382, 0.5618, 0.4366, 0.4738, 0.5634, 0.4787, 0.4830, 0.5199, 0.4554, 0.4106, 0.4451, 0.5467]
Val_Loss: 0.526501, Val_Acc: 0.762136

Epoch #154, Train_Loss: [0.4127, 0.4805, 0.5224, 0.3914, 0.4207, 0.6035, 0.5672, 0.4675, 0.4679, 0.4893, 0.4364, 0.4691, 0.5187, 0.5192, 0.4894, 0.5156, 0.4690, 0.5101, 0.4425, 0.4931, 0.5741, 0.4572, 0.4352, 0.4563, 0.5707, 0.5137]
Val_Loss: 0.520429, Val_Acc: 0.769417

Epoch #155, Train_Loss: [0.4702, 0.4632, 0.4428, 0.4925, 0.5423, 0.4403, 0.5012, 0.4743, 0.5107, 0.4602, 0.4669, 0.4525, 0.4714, 0.4976, 0.4993, 0.4903, 0.5076, 0.5251, 0.5898, 0.4757, 0.5124, 0.4282, 0.4866, 0.4631, 0.4806, 0.5747]
Val_Loss: 0.524365, Val_Acc: 0.781553

Epoch #156, Train_Loss: [0.4835, 0.4057, 0.4352, 0.4102, 0.4876, 0.5877, 0.4982, 0.4577, 0.5228, 0.5026, 0.4074, 0.5200, 0.5028, 0.4479, 0.5399, 0.4222, 0.5693, 0.5922, 0.4689, 0.5393, 0.4615, 0.5047, 0.4813, 0.4792, 0.5565, 0.4868]
Val_Loss: 0.532017, Val_Acc: 0.759709

Epoch #157, Train_Loss: [0.4857, 0.4119, 0.4903, 0.5894, 0.4632, 0.4894, 0.4852, 0.4373, 0.5288, 0.3830, 0.5525, 0.5502, 0.3920, 0.4077, 0.4401, 0.4618, 0.4636, 0.5027, 0.5002, 0.4319, 0.4979, 0.4775, 0.5505, 0.5283, 0.4602, 0.4733]
Val_Loss: 0.514730, Val_Acc: 0.776699

Epoch #158, Train_Loss: [0.4800, 0.4955, 0.4770, 0.4393, 0.4372, 0.5413, 0.4993, 0.5221, 0.4488, 0.4625, 0.4273, 0.4922, 0.4516, 0.5220, 0.4813, 0.5049, 0.3979, 0.5055, 0.5414, 0.4313, 0.5167, 0.4158, 0.4295, 0.4795, 0.5038, 0.5224]
Val_Loss: 0.521618, Val_Acc: 0.754854

Epoch #159, Train_Loss: [0.4598, 0.5008, 0.3611, 0.5243, 0.5279, 0.4847, 0.5307, 0.4846, 0.4655, 0.4515, 0.5168, 0.4031, 0.5481, 0.4809, 0.5101, 0.4687, 0.5227, 0.4716, 0.5283, 0.4652, 0.5533, 0.4144, 0.4984, 0.4307, 0.4782, 0.5181]
Val_Loss: 0.525502, Val_Acc: 0.769417

Epoch #160, Train_Loss: [0.5010, 0.5814, 0.4476, 0.3832, 0.4839, 0.4543, 0.4769, 0.4143, 0.5249, 0.4754, 0.4344, 0.4748, 0.4070, 0.4193, 0.5910, 0.4403, 0.4638, 0.4318, 0.4268, 0.5245, 0.4678, 0.5378, 0.5345, 0.6212, 0.4423, 0.7035]
Val_Loss: 0.530055, Val_Acc: 0.752427

Epoch #161, Train_Loss: [0.4868, 0.4821, 0.4229, 0.4418, 0.4901, 0.5248, 0.5135, 0.4841, 0.4880, 0.5144, 0.5621, 0.4444, 0.4967, 0.5173, 0.4908, 0.4879, 0.3982, 0.4680, 0.4690, 0.5095, 0.4456, 0.4232, 0.5032, 0.5847, 0.4344, 0.4070]
Val_Loss: 0.543526, Val_Acc: 0.752427

Epoch #162, Train_Loss: [0.4020, 0.4998, 0.5055, 0.5187, 0.4520, 0.4977, 0.5013, 0.4121, 0.4966, 0.5208, 0.4736, 0.4700, 0.5988, 0.4119, 0.4522, 0.4371, 0.5428, 0.4837, 0.5236, 0.4253, 0.5015, 0.5149, 0.4875, 0.4716, 0.5561, 0.5286]
Val_Loss: 0.520524, Val_Acc: 0.754854

Epoch #163, Train_Loss: [0.4533, 0.4379, 0.5108, 0.5010, 0.4499, 0.4956, 0.4985, 0.4719, 0.5186, 0.4915, 0.4533, 0.4919, 0.4928, 0.4809, 0.4464, 0.4963, 0.4575, 0.4601, 0.3664, 0.5014, 0.5103, 0.3925, 0.4822, 0.5140, 0.5930, 0.6127]
Val_Loss: 0.540391, Val_Acc: 0.742718

Epoch #164, Train_Loss: [0.4597, 0.4636, 0.4632, 0.4933, 0.5644, 0.4864, 0.4848, 0.4045, 0.5537, 0.5317, 0.4398, 0.4003, 0.5472, 0.4785, 0.4824, 0.4907, 0.5489, 0.4980, 0.4575, 0.3997, 0.4819, 0.4479, 0.4455, 0.5261, 0.5442, 0.4803]
Val_Loss: 0.510475, Val_Acc: 0.769417
The current best model is saved in: ******** outputs/NCI109_Glo/model.pth *********

Epoch #165, Train_Loss: [0.4202, 0.4976, 0.5210, 0.4748, 0.4754, 0.4724, 0.4888, 0.4495, 0.5136, 0.5289, 0.4575, 0.4540, 0.4576, 0.5421, 0.4573, 0.4377, 0.4886, 0.5247, 0.4940, 0.5102, 0.4901, 0.5698, 0.3983, 0.4563, 0.4954, 0.4399]
Val_Loss: 0.537301, Val_Acc: 0.764563

Epoch #166, Train_Loss: [0.5222, 0.4965, 0.4514, 0.5453, 0.3959, 0.5082, 0.4326, 0.5006, 0.4915, 0.3917, 0.5819, 0.4711, 0.5349, 0.4680, 0.4729, 0.4723, 0.4283, 0.4745, 0.5399, 0.5777, 0.5142, 0.4865, 0.4244, 0.4362, 0.4623, 0.4791]
Val_Loss: 0.530218, Val_Acc: 0.750000

Epoch #167, Train_Loss: [0.4669, 0.5098, 0.5144, 0.4658, 0.5759, 0.5506, 0.4525, 0.4920, 0.3789, 0.4028, 0.4442, 0.4645, 0.4760, 0.4118, 0.4766, 0.4534, 0.4886, 0.5556, 0.5342, 0.5127, 0.4478, 0.4927, 0.5485, 0.4334, 0.5843, 0.4560]
Val_Loss: 0.526957, Val_Acc: 0.759709

Epoch #168, Train_Loss: [0.4444, 0.4491, 0.4349, 0.4607, 0.4237, 0.4845, 0.5824, 0.4948, 0.4649, 0.4007, 0.4290, 0.4853, 0.4232, 0.5581, 0.5346, 0.5250, 0.5252, 0.5808, 0.4763, 0.5184, 0.4956, 0.4560, 0.4623, 0.4095, 0.5449, 0.4100]
Val_Loss: 0.520753, Val_Acc: 0.757282

Epoch #169, Train_Loss: [0.4122, 0.4957, 0.4201, 0.4114, 0.4367, 0.4404, 0.5171, 0.5161, 0.4780, 0.4872, 0.5508, 0.5133, 0.4506, 0.4791, 0.4117, 0.4596, 0.4938, 0.5136, 0.5597, 0.4360, 0.4747, 0.4707, 0.4814, 0.4868, 0.4335, 0.5104]
Val_Loss: 0.526989, Val_Acc: 0.759709

Epoch #170, Train_Loss: [0.4799, 0.4637, 0.4631, 0.4841, 0.4264, 0.4363, 0.4952, 0.5283, 0.4673, 0.4176, 0.5489, 0.4141, 0.5334, 0.5935, 0.5442, 0.4784, 0.4080, 0.4561, 0.4339, 0.4533, 0.4674, 0.4567, 0.5369, 0.4277, 0.5554, 0.4111]
Val_Loss: 0.547098, Val_Acc: 0.733010

Epoch #171, Train_Loss: [0.5449, 0.4243, 0.5213, 0.4753, 0.4291, 0.4850, 0.5177, 0.5017, 0.4840, 0.5075, 0.4879, 0.4003, 0.4391, 0.5106, 0.4491, 0.4844, 0.5383, 0.5396, 0.4666, 0.4922, 0.4619, 0.5142, 0.3923, 0.4354, 0.5090, 0.4573]
Val_Loss: 0.533235, Val_Acc: 0.776699

Epoch #172, Train_Loss: [0.4304, 0.4648, 0.4887, 0.4769, 0.5240, 0.4435, 0.4225, 0.3598, 0.5308, 0.4052, 0.4637, 0.5050, 0.4601, 0.5075, 0.4360, 0.4230, 0.4856, 0.4786, 0.4711, 0.4440, 0.4931, 0.5243, 0.4662, 0.4992, 0.5112, 0.5388]
Val_Loss: 0.521875, Val_Acc: 0.769417

Epoch #173, Train_Loss: [0.4756, 0.5047, 0.4755, 0.4763, 0.3741, 0.5090, 0.5266, 0.4208, 0.4688, 0.5263, 0.5098, 0.4674, 0.4796, 0.4800, 0.3911, 0.4823, 0.4778, 0.5225, 0.4230, 0.5082, 0.5063, 0.4843, 0.4050, 0.5505, 0.4463, 0.5225]
Val_Loss: 0.525770, Val_Acc: 0.742718

Epoch #174, Train_Loss: [0.4652, 0.4393, 0.4548, 0.5056, 0.4936, 0.4862, 0.4726, 0.4765, 0.4701, 0.5011, 0.4564, 0.4703, 0.4779, 0.4372, 0.4754, 0.5056, 0.4764, 0.4806, 0.4156, 0.5685, 0.4401, 0.5238, 0.5622, 0.5201, 0.4297, 0.4326]
Val_Loss: 0.547402, Val_Acc: 0.728155

Epoch #175, Train_Loss: [0.4729, 0.4466, 0.4839, 0.5267, 0.4914, 0.5434, 0.4293, 0.4755, 0.4929, 0.4989, 0.4139, 0.4124, 0.5180, 0.4706, 0.4655, 0.4946, 0.4954, 0.5188, 0.6145, 0.4134, 0.4167, 0.5667, 0.5310, 0.5670, 0.5187, 0.4697]
Val_Loss: 0.527078, Val_Acc: 0.759709

Epoch #176, Train_Loss: [0.4808, 0.4697, 0.4691, 0.4590, 0.4493, 0.4159, 0.4893, 0.5070, 0.4542, 0.4222, 0.6041, 0.5058, 0.5332, 0.4468, 0.4559, 0.4990, 0.4872, 0.4930, 0.4940, 0.5134, 0.4579, 0.4260, 0.4087, 0.5103, 0.4994, 0.4374]
Val_Loss: 0.518220, Val_Acc: 0.757282

Epoch #177, Train_Loss: [0.4644, 0.5792, 0.5085, 0.4715, 0.4562, 0.4869, 0.5289, 0.4168, 0.4381, 0.4746, 0.4394, 0.4502, 0.4577, 0.4466, 0.4557, 0.4520, 0.4683, 0.3845, 0.5353, 0.4535, 0.4519, 0.3931, 0.4457, 0.5292, 0.4655, 0.5755]
Val_Loss: 0.533340, Val_Acc: 0.762136

Epoch #178, Train_Loss: [0.5134, 0.5167, 0.4113, 0.4957, 0.4473, 0.4698, 0.4066, 0.4724, 0.3739, 0.4891, 0.4666, 0.4838, 0.5093, 0.3816, 0.4694, 0.5142, 0.5296, 0.4413, 0.4830, 0.4936, 0.5538, 0.5395, 0.5018, 0.4053, 0.5013, 0.4360]
Val_Loss: 0.525987, Val_Acc: 0.781553

Epoch #179, Train_Loss: [0.5934, 0.5160, 0.4712, 0.4322, 0.4467, 0.5323, 0.4602, 0.5604, 0.4571, 0.5851, 0.4793, 0.3966, 0.4351, 0.4443, 0.4729, 0.4456, 0.5181, 0.4167, 0.4914, 0.5521, 0.4479, 0.4585, 0.4783, 0.4794, 0.4700, 0.4982]
Val_Loss: 0.522665, Val_Acc: 0.781553

Epoch #180, Train_Loss: [0.4554, 0.5677, 0.4434, 0.3843, 0.5044, 0.3868, 0.4493, 0.4796, 0.4636, 0.4474, 0.4671, 0.4555, 0.4709, 0.4529, 0.5454, 0.5479, 0.5423, 0.5150, 0.4232, 0.4423, 0.4726, 0.5192, 0.4960, 0.4849, 0.4453, 0.5055]
Val_Loss: 0.530497, Val_Acc: 0.759709

Epoch #181, Train_Loss: [0.4455, 0.4785, 0.5599, 0.4868, 0.4293, 0.4504, 0.5348, 0.4483, 0.4734, 0.4129, 0.4177, 0.5007, 0.4249, 0.3868, 0.4881, 0.4318, 0.4600, 0.4680, 0.4800, 0.4801, 0.4686, 0.5061, 0.4720, 0.4614, 0.4981, 0.5721]
Val_Loss: 0.523863, Val_Acc: 0.776699

Epoch #182, Train_Loss: [0.4765, 0.5559, 0.5642, 0.4525, 0.4561, 0.4588, 0.4174, 0.5002, 0.4654, 0.4420, 0.4915, 0.5419, 0.4477, 0.4241, 0.4771, 0.5097, 0.3967, 0.4550, 0.4456, 0.4505, 0.5456, 0.4048, 0.5197, 0.5215, 0.5491, 0.4047]
Val_Loss: 0.522269, Val_Acc: 0.771845

Epoch #183, Train_Loss: [0.4654, 0.4779, 0.4623, 0.4760, 0.4331, 0.4473, 0.4225, 0.4727, 0.4499, 0.4451, 0.3968, 0.4263, 0.4641, 0.4804, 0.4449, 0.4711, 0.4556, 0.4722, 0.4971, 0.4910, 0.5480, 0.4899, 0.4706, 0.4770, 0.4938, 0.4981]
Val_Loss: 0.525781, Val_Acc: 0.774272

Epoch #184, Train_Loss: [0.4328, 0.4682, 0.4477, 0.4792, 0.4186, 0.4357, 0.4216, 0.4486, 0.5573, 0.4742, 0.4937, 0.4365, 0.4576, 0.4654, 0.6276, 0.4782, 0.4756, 0.5306, 0.4580, 0.4224, 0.5120, 0.4410, 0.5584, 0.4533, 0.4406, 0.4007]
Val_Loss: 0.559790, Val_Acc: 0.742718

Epoch #185, Train_Loss: [0.5008, 0.5160, 0.4824, 0.4333, 0.4295, 0.4629, 0.4863, 0.5452, 0.4496, 0.4267, 0.3813, 0.4634, 0.3890, 0.5029, 0.4492, 0.4452, 0.4497, 0.4530, 0.5678, 0.5134, 0.4609, 0.4967, 0.5309, 0.4233, 0.5228, 0.4614]
Val_Loss: 0.517023, Val_Acc: 0.771845

Epoch #186, Train_Loss: [0.5097, 0.4621, 0.5393, 0.5168, 0.4016, 0.4962, 0.4938, 0.5010, 0.4449, 0.4288, 0.4994, 0.5559, 0.4806, 0.4501, 0.4866, 0.4092, 0.3817, 0.5174, 0.4185, 0.4280, 0.4606, 0.5135, 0.4361, 0.4450, 0.4086, 0.4447]
Val_Loss: 0.519533, Val_Acc: 0.764563

Epoch #187, Train_Loss: [0.3930, 0.4143, 0.4182, 0.4548, 0.4551, 0.4331, 0.4742, 0.4412, 0.4847, 0.4915, 0.4315, 0.5786, 0.4968, 0.5656, 0.4442, 0.5225, 0.4021, 0.4818, 0.4285, 0.4803, 0.3964, 0.4331, 0.5512, 0.5080, 0.5584, 0.4476]
Val_Loss: 0.519415, Val_Acc: 0.774272

Epoch #188, Train_Loss: [0.5005, 0.4774, 0.4354, 0.4693, 0.4630, 0.4737, 0.4746, 0.5698, 0.4960, 0.4911, 0.4635, 0.4693, 0.4690, 0.4770, 0.4601, 0.5029, 0.4074, 0.4623, 0.5247, 0.5000, 0.4087, 0.5075, 0.4339, 0.4361, 0.4010, 0.5522]
Val_Loss: 0.525514, Val_Acc: 0.762136

Epoch #189, Train_Loss: [0.5186, 0.4617, 0.4652, 0.4261, 0.4375, 0.4485, 0.5134, 0.4788, 0.4715, 0.4290, 0.4633, 0.5481, 0.4174, 0.4198, 0.4906, 0.4956, 0.4905, 0.4832, 0.4157, 0.4177, 0.4294, 0.4587, 0.4396, 0.5184, 0.4861, 0.4908]
Val_Loss: 0.526814, Val_Acc: 0.754854

Epoch #190, Train_Loss: [0.4681, 0.5080, 0.4451, 0.4664, 0.4519, 0.4875, 0.5062, 0.5195, 0.4551, 0.5415, 0.4878, 0.4759, 0.5131, 0.5145, 0.4576, 0.4563, 0.4292, 0.5260, 0.4607, 0.4432, 0.4464, 0.4051, 0.4684, 0.4167, 0.3939, 0.4143]
Val_Loss: 0.512754, Val_Acc: 0.769417

Epoch #191, Train_Loss: [0.4610, 0.4389, 0.4741, 0.3925, 0.5379, 0.4062, 0.4928, 0.4542, 0.4388, 0.4084, 0.4783, 0.4908, 0.4744, 0.4161, 0.5449, 0.5732, 0.4091, 0.4823, 0.5672, 0.4667, 0.4042, 0.5382, 0.4193, 0.4557, 0.5095, 0.4140]
Val_Loss: 0.541580, Val_Acc: 0.733010

Epoch #192, Train_Loss: [0.4366, 0.5497, 0.4590, 0.6158, 0.4635, 0.5183, 0.4244, 0.4885, 0.4483, 0.4927, 0.4610, 0.4736, 0.4840, 0.4414, 0.4542, 0.4631, 0.4262, 0.4675, 0.4684, 0.5141, 0.4361, 0.5386, 0.4494, 0.4048, 0.5249, 0.5397]
Val_Loss: 0.550149, Val_Acc: 0.757282

Epoch #193, Train_Loss: [0.3996, 0.5119, 0.4084, 0.4376, 0.4761, 0.4908, 0.5569, 0.4858, 0.4887, 0.4788, 0.4476, 0.4611, 0.4768, 0.5065, 0.4736, 0.5074, 0.4489, 0.4547, 0.5160, 0.5998, 0.4687, 0.4379, 0.4628, 0.4492, 0.5485, 0.4557]
Val_Loss: 0.527275, Val_Acc: 0.759709

Epoch #194, Train_Loss: [0.4494, 0.4334, 0.4340, 0.5264, 0.4892, 0.5538, 0.5415, 0.4811, 0.4647, 0.3727, 0.4910, 0.5569, 0.5266, 0.4262, 0.5021, 0.4666, 0.4222, 0.4679, 0.4709, 0.4396, 0.4478, 0.4841, 0.4956, 0.4922, 0.4761, 0.4023]
Val_Loss: 0.524512, Val_Acc: 0.752427

Epoch #195, Train_Loss: [0.4726, 0.4762, 0.4499, 0.5257, 0.4658, 0.4426, 0.4595, 0.4933, 0.4549, 0.4435, 0.4327, 0.4708, 0.4163, 0.4347, 0.5000, 0.5653, 0.5084, 0.4418, 0.4308, 0.5382, 0.4491, 0.4768, 0.4745, 0.4145, 0.4527, 0.4262]
Val_Loss: 0.519931, Val_Acc: 0.766990

Epoch #196, Train_Loss: [0.4519, 0.3210, 0.4197, 0.4723, 0.4963, 0.5285, 0.5172, 0.5257, 0.4268, 0.4881, 0.4032, 0.4045, 0.3951, 0.5070, 0.4658, 0.3969, 0.5457, 0.4659, 0.4147, 0.4710, 0.5227, 0.4117, 0.5683, 0.5236, 0.4784, 0.4941]
Val_Loss: 0.521416, Val_Acc: 0.762136

Epoch #197, Train_Loss: [0.4462, 0.4259, 0.5017, 0.5597, 0.4664, 0.4342, 0.4382, 0.5843, 0.4306, 0.3975, 0.4565, 0.4659, 0.4720, 0.4515, 0.4739, 0.4726, 0.4573, 0.4646, 0.5308, 0.5157, 0.5341, 0.4978, 0.4518, 0.4878, 0.4178, 0.5013]
Val_Loss: 0.517230, Val_Acc: 0.766990

Epoch #198, Train_Loss: [0.4343, 0.3891, 0.5030, 0.3985, 0.4764, 0.4676, 0.4074, 0.4500, 0.4690, 0.5035, 0.4836, 0.5131, 0.5090, 0.4924, 0.4671, 0.4385, 0.4814, 0.4353, 0.5117, 0.4471, 0.4753, 0.4669, 0.4520, 0.4487, 0.5587, 0.4022]
Val_Loss: 0.528402, Val_Acc: 0.754854

Epoch #199, Train_Loss: [0.4389, 0.4087, 0.4462, 0.4275, 0.4947, 0.4707, 0.4270, 0.4583, 0.4878, 0.4660, 0.3944, 0.3752, 0.5531, 0.4493, 0.4256, 0.4749, 0.5538, 0.4453, 0.4874, 0.5314, 0.5200, 0.4054, 0.4681, 0.4545, 0.4506, 0.4804]
Val_Loss: 0.535142, Val_Acc: 0.752427

Epoch #200, Train_Loss: [0.3916, 0.4652, 0.4679, 0.5529, 0.4112, 0.5190, 0.5031, 0.4448, 0.4158, 0.4515, 0.4526, 0.4517, 0.4891, 0.4962, 0.4604, 0.4415, 0.5335, 0.5250, 0.4146, 0.4211, 0.4872, 0.4790, 0.4519, 0.5814, 0.4510, 0.4987]
Val_Loss: 0.555728, Val_Acc: 0.742718

Epoch #201, Train_Loss: [0.4876, 0.4415, 0.4618, 0.4271, 0.4541, 0.4839, 0.5623, 0.4421, 0.5672, 0.4647, 0.4740, 0.5082, 0.4489, 0.4778, 0.4691, 0.4488, 0.4453, 0.4477, 0.4779, 0.4470, 0.4287, 0.4459, 0.4820, 0.3995, 0.5311, 0.3935]
Val_Loss: 0.513638, Val_Acc: 0.776699

Epoch #202, Train_Loss: [0.4327, 0.4305, 0.5166, 0.4797, 0.4582, 0.3464, 0.5615, 0.4350, 0.5912, 0.4362, 0.4093, 0.4089, 0.4549, 0.4440, 0.4966, 0.6078, 0.3770, 0.4627, 0.4532, 0.4148, 0.4703, 0.4507, 0.4989, 0.4918, 0.5154, 0.4691]
Val_Loss: 0.533662, Val_Acc: 0.759709

Epoch #203, Train_Loss: [0.5014, 0.5185, 0.4896, 0.4029, 0.4196, 0.4844, 0.4341, 0.4210, 0.4480, 0.4432, 0.5336, 0.5140, 0.4031, 0.4521, 0.4850, 0.4226, 0.4577, 0.4354, 0.4677, 0.4580, 0.4164, 0.5039, 0.4435, 0.4580, 0.4822, 0.4919]
Val_Loss: 0.554375, Val_Acc: 0.737864

Epoch #204, Train_Loss: [0.4960, 0.4197, 0.4001, 0.4158, 0.4911, 0.5566, 0.4139, 0.4776, 0.4667, 0.4447, 0.4659, 0.5214, 0.3947, 0.4891, 0.4750, 0.4788, 0.4303, 0.4903, 0.5442, 0.4115, 0.4051, 0.5154, 0.4485, 0.4477, 0.4541, 0.4647]
Val_Loss: 0.526555, Val_Acc: 0.769417

Epoch #205, Train_Loss: [0.4149, 0.3657, 0.4871, 0.4002, 0.4584, 0.4966, 0.5006, 0.4534, 0.5658, 0.5288, 0.4619, 0.4995, 0.5226, 0.4812, 0.4877, 0.5332, 0.4433, 0.4388, 0.4034, 0.4620, 0.5103, 0.4344, 0.3685, 0.4820, 0.5147, 0.4833]
Val_Loss: 0.529495, Val_Acc: 0.779126

********** TEST START **********
Reload Best Model
The current best model is saved in: ******** outputs/NCI109_Glo/model.pth *********
TEST :: Test_Acc: 0.743961
